2024-07-23 22:57:51.836 +08:00|Info|push-notifications|NotificationManager: new params received url:  ws:ws://192.168.1.5:6969/notifierServer/getwebsocket/669f7cda00049c120e69bce8
2024-07-23 22:59:21.935 +08:00|Info|push-notifications|LongPollingWebSocketRequest result Count:32 MessageType:Text
2024-07-23 22:59:21.935 +08:00|Info|push-notifications|LongPollingWebSocketRequest received:32
2024-07-23 22:59:21.935 +08:00|Info|push-notifications|NotificationManager.ProcessMessage | Received Service Notifications Ping
2024-07-23 22:59:26.015 +08:00|Info|push-notifications|LongPollingWebSocketRequest result Count:306 MessageType:Text
2024-07-23 22:59:26.015 +08:00|Info|push-notifications|LongPollingWebSocketRequest received:306
2024-07-23 22:59:26.015 +08:00|Info|push-notifications|Got notification | ChatMessageReceived
{
  "type": "new_message",
  "eventId": "dd8f7e4ad19f641e52201d99",
  "dialogId": "54cb50c76803fa8b248b4571",
  "message": {
    "_id": "dd8f7e4ad19f641e52201d99",
    "uid": "54cb50c76803fa8b248b4571",
    "type": 10,
    "dt": 1721746762,
    "text": "",
    "templateId": "657315df034d76585f032e01 description",
    "hasRewards": false,
    "rewardCollected": false
  }
}
2024-07-23 22:59:26.015 +08:00|Info|push-notifications|NotificationManager.ProcessMessage | Received notification: Type: ChatMessageReceived, Time: 0, Duration: Default, ShowNotification: False
2024-07-23 22:59:28.139 +08:00|Info|push-notifications|LongPollingWebSocketRequest result Count:306 MessageType:Text
2024-07-23 22:59:28.139 +08:00|Info|push-notifications|LongPollingWebSocketRequest received:306
2024-07-23 22:59:28.139 +08:00|Info|push-notifications|Got notification | ChatMessageReceived
{
  "type": "new_message",
  "eventId": "2330a210201068ee615a5d41",
  "dialogId": "54cb57776803fa99248b456e",
  "message": {
    "_id": "2330a210201068ee615a5d41",
    "uid": "54cb57776803fa99248b456e",
    "type": 10,
    "dt": 1721746764,
    "text": "",
    "templateId": "657315ddab5a49b71f098853 description",
    "hasRewards": false,
    "rewardCollected": false
  }
}
2024-07-23 22:59:28.139 +08:00|Info|push-notifications|NotificationManager.ProcessMessage | Received notification: Type: ChatMessageReceived, Time: 0, Duration: Default, ShowNotification: False
2024-07-23 22:59:29.751 +08:00|Info|push-notifications|LongPollingWebSocketRequest result Count:563 MessageType:Text
2024-07-23 22:59:29.751 +08:00|Info|push-notifications|LongPollingWebSocketRequest received:563
2024-07-23 22:59:29.751 +08:00|Info|push-notifications|Got notification | ChatMessageReceived
{
  "type": "new_message",
  "eventId": "e765a2ffd444d2b0e8ff4646",
  "dialogId": "58330581ace78e27b8b10cee",
  "message": {
    "_id": "e765a2ffd444d2b0e8ff4646",
    "uid": "58330581ace78e27b8b10cee",
    "type": 10,
    "dt": 1721746766,
    "text": "",
    "templateId": "657315e270bb0b8dba00cc48 description",
    "hasRewards": true,
    "rewardCollected": false,
    "items": {
      "stash": "295b8c359445b5367af29bbc",
      "data": [
        {
          "_id": "dfb1b1514bb846eb40e2871f",
          "_tpl": "5449016a4bdc2d6f028b456f",
          "upd": {
            "StackObjectsCount": 5000,
            "SpawnedInSession": true
          },
          "parentId": "295b8c359445b5367af29bbc",
          "slotId": "main"
        }
      ]
    },
    "maxStorageTime": 259200
  }
}
2024-07-23 22:59:29.751 +08:00|Info|push-notifications|NotificationManager.ProcessMessage | Received notification: Type: ChatMessageReceived, Time: 0, Duration: Default, ShowNotification: False
2024-07-23 22:59:32.079 +08:00|Info|push-notifications|LongPollingWebSocketRequest result Count:306 MessageType:Text
2024-07-23 22:59:32.079 +08:00|Info|push-notifications|LongPollingWebSocketRequest received:306
2024-07-23 22:59:32.079 +08:00|Info|push-notifications|Got notification | ChatMessageReceived
{
  "type": "new_message",
  "eventId": "03207a0a81dd7179221cd7b0",
  "dialogId": "5a7c2eca46aef81a7ca2145d",
  "message": {
    "_id": "03207a0a81dd7179221cd7b0",
    "uid": "5a7c2eca46aef81a7ca2145d",
    "type": 10,
    "dt": 1721746768,
    "text": "",
    "templateId": "657315e4a6af4ab4b50f3459 description",
    "hasRewards": false,
    "rewardCollected": false
  }
}
2024-07-23 22:59:32.079 +08:00|Info|push-notifications|NotificationManager.ProcessMessage | Received notification: Type: ChatMessageReceived, Time: 0, Duration: Default, ShowNotification: False
2024-07-23 23:00:51.884 +08:00|Info|push-notifications|LongPollingWebSocketRequest result Count:32 MessageType:Text
2024-07-23 23:00:51.884 +08:00|Info|push-notifications|LongPollingWebSocketRequest received:32
2024-07-23 23:00:51.884 +08:00|Info|push-notifications|NotificationManager.ProcessMessage | Received Service Notifications Ping
2024-07-23 23:02:21.888 +08:00|Info|push-notifications|LongPollingWebSocketRequest result Count:32 MessageType:Text
2024-07-23 23:02:21.888 +08:00|Info|push-notifications|LongPollingWebSocketRequest received:32
2024-07-23 23:02:21.888 +08:00|Info|push-notifications|NotificationManager.ProcessMessage | Received Service Notifications Ping
2024-07-23 23:03:51.910 +08:00|Info|push-notifications|LongPollingWebSocketRequest result Count:32 MessageType:Text
2024-07-23 23:03:51.910 +08:00|Info|push-notifications|LongPollingWebSocketRequest received:32
2024-07-23 23:03:51.910 +08:00|Info|push-notifications|NotificationManager.ProcessMessage | Received Service Notifications Ping
2024-07-23 23:05:06.987 +08:00|Info|push-notifications|LongPollingWebSocketRequest canceled
2024-07-23 23:05:06.987 +08:00|Info|push-notifications|LongPollingWebSocketRequest webSocket disposed
2024-07-23 23:13:38.395 +08:00|Info|push-notifications|LongPollingWebSocketRequest canceled
2024-07-23 23:13:38.395 +08:00|Info|push-notifications|LongPollingWebSocketRequest webSocket disposed
2024-07-23 23:13:38.419 +08:00|Info|push-notifications|NotificationManager: new params received url:  ws:ws://192.168.1.5:6969/notifierServer/getwebsocket/669f7cda00049c120e69bce8
2024-07-23 23:15:08.432 +08:00|Info|push-notifications|LongPollingWebSocketRequest result Count:32 MessageType:Text
2024-07-23 23:15:08.432 +08:00|Info|push-notifications|LongPollingWebSocketRequest received:32
2024-07-23 23:15:08.432 +08:00|Info|push-notifications|NotificationManager.ProcessMessage | Received Service Notifications Ping
