2024-07-23 22:57:15.958 +08:00|0.14.9.1.30626|Info|application|Application awaken, updateQueue:'Update' 
2024-07-23 22:57:15.972 +08:00|0.14.9.1.30626|Info|application|Assert.raiseExceptions:'True' 
2024-07-23 22:57:15.972 +08:00|0.14.9.1.30626|Info|application|Application obfuscation succeed. 
2024-07-23 22:57:17.264 +08:00|0.14.9.1.30626|Info|application|driveType:HDD swapDriveType:SSD 
2024-07-23 22:57:20.682 +08:00|0.14.9.1.30626|Info|application|NVIDIA Reflex is available on this machine, Status: NvReflex_OK. 
2024-07-23 22:57:25.612 +08:00|0.14.9.1.30626|Info|application|Game settings:
{
  "Language": "ch",
  "SelectedMemberCategory": "Unheard",
  "QuickSlotsVisibility": "Always",
  "StaminaVisibility": "Always",
  "HealthVisibility": "Always",
  "HealthColor": "GreenToRed",
  "NotificationTransportType": "Default",
  "ConnectionType": "Default",
  "HighlightScope": "All",
  "FieldOfView": 75,
  "HeadBobbing": 0.2,
  "AutoEmptyWorkingSet": false,
  "SetAffinityToLogicalCores": true,
  "EnableHideoutPreload": false,
  "StreamerModeEnabled": false,
  "BlockGroupInvites": false,
  "ItemQuickUseMode": "InRaidOnly",
  "AutoVaultingMode": "Hotkey",
  "MalfunctionVisability": true,
  "TradingIntermediateScreen": false,
  "RagfairLinesCount": 15,
  "EnvironmentUiType": "TheUnheardEditionEnvironmentUiType"
} 
2024-07-23 22:57:25.612 +08:00|0.14.9.1.30626|Info|application|Sound settings:
{
  "OverallVolume": 10,
  "InterfaceVolume": 2,
  "ChatVolume": 0,
  "MusicVolume": 0,
  "HideoutVolume": 1,
  "MusicOnRaidEnd": false,
  "BinauralSound": false,
  "VoipEnabled": false,
  "VoipDevice": "Default",
  "VoipDeviceSensitivity": 100
} 
2024-07-23 22:57:25.612 +08:00|0.14.9.1.30626|Info|application|PostFx settings:
{
  "EnablePostFx": false,
  "Brightness": 0,
  "Saturation": 0,
  "Clarity": 0,
  "Colorfulness": 0,
  "LumaSharpen": 0,
  "AdaptiveSharpen": 0,
  "ColorFilterType": "Jason",
  "Intensity": 50,
  "ColorBlindnessType": "None",
  "ColorBlindnessIntensity": 0
} 
2024-07-23 22:57:25.612 +08:00|0.14.9.1.30626|Info|application|Graphics settings:
{
  "Stored": [
    {
      "Index": 0,
      "FullScreenResolution": {
        "Width": 1920,
        "Height": 1080
      },
      "FullScreenAspectRatio": {
        "X": 16,
        "Y": 9
      },
      "WindowResolution": {
        "Width": 1920,
        "Height": 1080
      },
      "WindowAspectRatio": {
        "X": 16,
        "Y": 9
      }
    }
  ],
  "DisplaySettings": {
    "Display": 0,
    "FullScreenMode": 1,
    "Resolution": {
      "Width": 1920,
      "Height": 1080
    },
    "AspectRatio": {
      "X": 16,
      "Y": 9
    }
  },
  "GraphicsQuality": null,
  "ShadowsQuality": 1,
  "TextureQuality": 1,
  "SDMode": null,
  "VSync": true,
  "LobbyFramerate": 60,
  "GameFramerate": 120,
  "SuperSampling": "Off",
  "AnisotropicFiltering": "Disable",
  "OverallVisibility": 1500.0,
  "LodBias": 2.0,
  "MipStreamingBufferSize": 32,
  "MipStreamingIOCount": 768,
  "Ssao": "Off",
  "Sharpen": 0.3,
  "SSR": "Off",
  "AntiAliasing": "FXAA",
  "NVidiaReflex": "Off",
  "GrassShadow": false,
  "ChromaticAberrations": false,
  "Noise": false,
  "ZBlur": false,
  "HighQualityColor": false,
  "MipStreaming": false,
  "SdTarkovStreets": true,
  "DLSSMode": "Off",
  "FSRMode": "Off",
  "FSR2Mode": "Quality",
  "DLSSEnabled": false,
  "FSREnabled": false,
  "FSR2Enabled": true,
  "ShadowDistance": 40.0,
  "SuperSamplingFactor": 1.0
} 
2024-07-23 22:57:25.625 +08:00|0.14.9.1.30626|Info|application|Control settings:
{
  "InvertedXAxis": false,
  "InvertedYAxis": false,
  "MouseSensitivity": 0.7,
  "MouseAimingSensitivity": 0.5,
  "DoubleClickTimeout": 0.3,
  "axisBindings": [
    {
      "axisName": "MoveX",
      "pairs": [
        {
          "positive": {
            "keyCode": [
              "D"
            ]
          },
          "negative": {
            "keyCode": [
              "A"
            ]
          }
        },
        {
          "positive": {
            "keyCode": []
          },
          "negative": {
            "keyCode": []
          }
        }
      ]
    },
    {
      "axisName": "MoveY",
      "pairs": [
        {
          "positive": {
            "keyCode": [
              "W"
            ]
          },
          "negative": {
            "keyCode": [
              "S"
            ]
          }
        },
        {
          "positive": {
            "keyCode": []
          },
          "negative": {
            "keyCode": []
          }
        }
      ]
    },
    {
      "axisName": "TurnX",
      "pairs": [
        {
          "positive": {
            "isAxis": true,
            "keyCode": [],
            "axisName": "Mouse X",
            "positiveAxis": true,
            "sensitivity": 5.0
          },
          "negative": {
            "isAxis": true,
            "keyCode": [],
            "axisName": "Mouse X",
            "sensitivity": 5.0
          }
        },
        {
          "positive": {
            "keyCode": []
          },
          "negative": {
            "keyCode": []
          }
        }
      ]
    },
    {
      "axisName": "TurnY",
      "pairs": [
        {
          "positive": {
            "isAxis": true,
            "keyCode": [],
            "axisName": "Mouse Y",
            "sensitivity": 5.0
          },
          "negative": {
            "isAxis": true,
            "keyCode": [],
            "axisName": "Mouse Y",
            "positiveAxis": true,
            "sensitivity": 5.0
          }
        },
        {
          "positive": {
            "keyCode": []
          },
          "negative": {
            "keyCode": []
          }
        }
      ]
    },
    {
      "axisName": "LookX",
      "pairs": [
        {
          "positive": {
            "isAxis": true,
            "keyCode": [],
            "axisName": "Mouse X",
            "positiveAxis": true,
            "sensitivity": 5.0
          },
          "negative": {
            "isAxis": true,
            "keyCode": [],
            "axisName": "Mouse X",
            "sensitivity": 5.0
          }
        },
        {
          "positive": {
            "keyCode": []
          },
          "negative": {
            "keyCode": []
          }
        }
      ]
    },
    {
      "axisName": "LookY",
      "pairs": [
        {
          "positive": {
            "isAxis": true,
            "keyCode": [],
            "axisName": "Mouse Y",
            "sensitivity": 5.0
          },
          "negative": {
            "isAxis": true,
            "keyCode": [],
            "axisName": "Mouse Y",
            "positiveAxis": true,
            "sensitivity": 5.0
          }
        },
        {
          "positive": {
            "keyCode": []
          },
          "negative": {
            "keyCode": []
          }
        }
      ]
    },
    {
      "axisName": "LeanX",
      "pairs": [
        {
          "positive": {
            "keyCode": [
              "E",
              "LeftControl"
            ]
          },
          "negative": {
            "keyCode": [
              "Q",
              "LeftControl"
            ]
          }
        },
        {
          "positive": {
            "keyCode": []
          },
          "negative": {
            "keyCode": []
          }
        }
      ]
    }
  ],
  "keyBindings": [
    {
      "keyName": "LeanLockRight",
      "variants": [
        {
          "keyCode": [
            "E"
          ]
        },
        {
          "keyCode": []
        }
      ],
      "pressType": "Press"
    },
    {
      "keyName": "LeanLockLeft",
      "variants": [
        {
          "keyCode": [
            "Q"
          ]
        },
        {
          "keyCode": []
        }
      ],
      "pressType": "Press"
    },
    {
      "keyName": "Shoot",
      "variants": [
        {
          "keyCode": [
            "Mouse0"
          ]
        },
        {
          "keyCode": []
        }
      ],
      "pressType": "Continuous"
    },
    {
      "keyName": "Aim",
      "variants": [
        {
          "keyCode": [
            "Mouse1"
          ]
        },
        {
          "keyCode": []
        }
      ],
      "pressType": "Press"
    },
    {
      "keyName": "ChangeAimScope",
      "variants": [
        {
          "keyCode": [
            "Mouse4"
          ]
        },
        {
          "keyCode": []
        }
      ],
      "pressType": "Press"
    },
    {
      "keyName": "ChangeAimScopeMagnification",
      "variants": [
        {
          "keyCode": [
            "Mouse3"
          ]
        },
        {
          "keyCode": []
        }
      ],
      "pressType": "Press"
    },
    {
      "keyName": "Nidnod",
      "variants": [
        {
          "keyCode": [
            "Mouse2"
          ]
        },
        {
          "keyCode": []
        }
      ],
      "pressType": "Release"
    },
    {
      "keyName": "ToggleGoggles",
      "variants": [
        {
          "keyCode": [
            "N"
          ]
        },
        {
          "keyCode": []
        }
      ],
      "pressType": "Press"
    },
    {
      "keyName": "ToggleHeadLight",
      "variants": [
        {
          "keyCode": [
            "H"
          ]
        },
        {
          "keyCode": []
        }
      ],
      "pressType": "Release"
    },
    {
      "keyName": "SwitchHeadLight",
      "variants": [
        {
          "keyCode": [
            "H",
            "LeftControl"
          ]
        },
        {
          "keyCode": []
        }
      ],
      "pressType": "Release"
    },
    {
      "keyName": "ToggleVoip",
      "variants": [
        {
          "keyCode": []
        },
        {
          "keyCode": []
        }
      ],
      "pressType": "Press"
    },
    {
      "keyName": "PushToTalk",
      "variants": [
        {
          "keyCode": [
            "K"
          ]
        },
        {
          "keyCode": []
        }
      ],
      "pressType": "Continuous"
    },
    {
      "keyName": "Mumble",
      "variants": [
        {
          "keyCode": [
            "Y"
          ]
        },
        {
          "keyCode": []
        }
      ],
      "pressType": "DoubleClick"
    },
    {
      "keyName": "MumbleDropdown",
      "variants": [
        {
          "keyCode": [
            "Y"
          ]
        },
        {
          "keyCode": []
        }
      ],
      "pressType": "Continuous"
    },
    {
      "keyName": "MumbleQuick",
      "variants": [
        {
          "keyCode": [
            "Y"
          ]
        },
        {
          "keyCode": []
        }
      ],
      "pressType": "Release"
    },
    {
      "keyName": "WatchTime",
      "variants": [
        {
          "keyCode": [
            "O"
          ]
        },
        {
          "keyCode": []
        }
      ],
      "pressType": "Press"
    },
    {
      "keyName": "WatchTimerAndExits",
      "variants": [
        {
          "keyCode": [
            "O"
          ]
        },
        {
          "keyCode": []
        }
      ],
      "pressType": "Release"
    },
    {
      "keyName": "Tactical",
      "variants": [
        {
          "keyCode": [
            "T"
          ]
        },
        {
          "keyCode": []
        }
      ],
      "pressType": "Press"
    },
    {
      "keyName": "NextTacticalDevice",
      "variants": [
        {
          "keyCode": [
            "T",
            "LeftControl"
          ]
        },
        {
          "keyCode": []
        }
      ],
      "pressType": "Press"
    },
    {
      "keyName": "Next",
      "variants": [
        {
          "isAxis": true,
          "keyCode": [],
          "axisName": "Mouse Scroll",
          "positiveAxis": true
        },
        {
          "keyCode": []
        }
      ],
      "pressType": "Press"
    },
    {
      "keyName": "Previous",
      "variants": [
        {
          "isAxis": true,
          "keyCode": [],
          "axisName": "Mouse Scroll"
        },
        {
          "keyCode": []
        }
      ],
      "pressType": "Press"
    },
    {
      "keyName": "Interact",
      "variants": [
        {
          "keyCode": [
            "F"
          ]
        },
        {
          "keyCode": []
        }
      ],
      "pressType": "Continuous"
    },
    {
      "keyName": "ThrowGrenade",
      "variants": [
        {
          "keyCode": [
            "G"
          ]
        },
        {
          "keyCode": []
        }
      ],
      "pressType": "Press"
    },
    {
      "keyName": "ReloadWeapon",
      "variants": [
        {
          "keyCode": [
            "R"
          ]
        },
        {
          "keyCode": []
        }
      ],
      "pressType": "Release"
    },
    {
      "keyName": "QuickReloadWeapon",
      "variants": [
        {
          "keyCode": [
            "R"
          ]
        },
        {
          "keyCode": []
        }
      ],
      "pressType": "DoubleClick"
    },
    {
      "keyName": "DropBackpack",
      "variants": [
        {
          "keyCode": [
            "LeftControl",
            "LeftAlt"
          ]
        },
        {
          "keyCode": []
        }
      ],
      "pressType": "Continuous"
    },
    {
      "keyName": "NextMagazine",
      "variants": [
        {
          "isAxis": true,
          "keyCode": [
            "R"
          ],
          "axisName": "Mouse Scroll",
          "positiveAxis": true
        },
        {
          "keyCode": []
        }
      ],
      "pressType": "Press"
    },
    {
      "keyName": "PreviousMagazine",
      "variants": [
        {
          "isAxis": true,
          "keyCode": [
            "R"
          ],
          "axisName": "Mouse Scroll"
        },
        {
          "keyCode": []
        }
      ],
      "pressType": "Press"
    },
    {
      "keyName": "ChangePointOfView",
      "variants": [
        {
          "keyCode": [
            "Home"
          ]
        },
        {
          "keyCode": []
        }
      ],
      "pressType": "Press"
    },
    {
      "keyName": "CheckAmmo",
      "variants": [
        {
          "keyCode": [
            "R",
            "LeftControl"
          ]
        },
        {
          "keyCode": []
        }
      ],
      "pressType": "Press"
    },
    {
      "keyName": "ShootingMode",
      "variants": [
        {
          "keyCode": [
            "B"
          ]
        },
        {
          "keyCode": []
        }
      ],
      "pressType": "Press"
    },
    {
      "keyName": "ForceAutoWeaponMode",
      "variants": [
        {
          "keyCode": [
            "B"
          ]
        },
        {
          "keyCode": []
        }
      ],
      "pressType": "DoubleClick"
    },
    {
      "keyName": "CheckFireMode",
      "variants": [
        {
          "keyCode": [
            "B",
            "LeftControl"
          ]
        },
        {
          "keyCode": []
        }
      ],
      "pressType": "Press"
    },
    {
      "keyName": "CheckChamber",
      "variants": [
        {
          "keyCode": [
            "R",
            "Mouse4"
          ]
        },
        {
          "keyCode": []
        }
      ],
      "pressType": "Release"
    },
    {
      "keyName": "ChamberUnload",
      "variants": [
        {
          "keyCode": [
            "R",
            "Mouse3"
          ]
        },
        {
          "keyCode": []
        }
      ],
      "pressType": "Release"
    },
    {
      "keyName": "UnloadMagazine",
      "variants": [
        {
          "keyCode": [
            "R",
            "LeftAlt"
          ]
        },
        {
          "keyCode": []
        }
      ],
      "pressType": "Press"
    },
    {
      "keyName": "Prone",
      "variants": [
        {
          "keyCode": [
            "X"
          ]
        },
        {
          "keyCode": []
        }
      ],
      "pressType": "Press"
    },
    {
      "keyName": "Sprint",
      "variants": [
        {
          "keyCode": [
            "LeftShift"
          ]
        },
        {
          "keyCode": []
        }
      ],
      "pressType": "Continuous"
    },
    {
      "keyName": "Duck",
      "variants": [
        {
          "keyCode": [
            "C"
          ]
        },
        {
          "keyCode": []
        }
      ],
      "pressType": "Release"
    },
    {
      "keyName": "NextWalkPose",
      "variants": [
        {
          "isAxis": true,
          "keyCode": [
            "C"
          ],
          "axisName": "Mouse Scroll",
          "positiveAxis": true
        },
        {
          "keyCode": []
        }
      ],
      "pressType": "Press"
    },
    {
      "keyName": "PreviousWalkPose",
      "variants": [
        {
          "isAxis": true,
          "keyCode": [
            "C"
          ],
          "axisName": "Mouse Scroll"
        },
        {
          "keyCode": []
        }
      ],
      "pressType": "Press"
    },
    {
      "keyName": "Walk",
      "variants": [
        {
          "keyCode": [
            "CapsLock"
          ]
        },
        {
          "keyCode": []
        }
      ],
      "pressType": "Press"
    },
    {
      "keyName": "BlindShootAbove",
      "variants": [
        {
          "keyCode": []
        },
        {
          "keyCode": []
        }
      ],
      "pressType": "Continuous"
    },
    {
      "keyName": "BlindShootRight",
      "variants": [
        {
          "keyCode": []
        },
        {
          "keyCode": []
        }
      ],
      "pressType": "Continuous"
    },
    {
      "keyName": "StepRight",
      "variants": [
        {
          "keyCode": []
        },
        {
          "keyCode": []
        }
      ],
      "pressType": "Continuous"
    },
    {
      "keyName": "StepLeft",
      "variants": [
        {
          "keyCode": []
        },
        {
          "keyCode": []
        }
      ],
      "pressType": "Continuous"
    },
    {
      "keyName": "ExamineWeapon",
      "variants": [
        {
          "keyCode": [
            "L"
          ]
        },
        {
          "keyCode": []
        }
      ],
      "pressType": "Press"
    },
    {
      "keyName": "FoldStock",
      "variants": [
        {
          "keyCode": [
            "L",
            "LeftAlt"
          ]
        },
        {
          "keyCode": []
        }
      ],
      "pressType": "Press"
    },
    {
      "keyName": "Inventory",
      "variants": [
        {
          "keyCode": [
            "Tab"
          ]
        },
        {
          "keyCode": []
        }
      ],
      "pressType": "Press"
    },
    {
      "keyName": "Jump",
      "variants": [
        {
          "keyCode": [
            "Space"
          ]
        },
        {
          "keyCode": []
        }
      ],
      "pressType": "Press"
    },
    {
      "keyName": "Knife",
      "variants": [
        {
          "keyCode": [
            "V"
          ]
        },
        {
          "keyCode": []
        }
      ],
      "pressType": "Press"
    },
    {
      "keyName": "QuickKnife",
      "variants": [
        {
          "keyCode": [
            "V"
          ]
        },
        {
          "keyCode": []
        }
      ],
      "pressType": "DoubleClick"
    },
    {
      "keyName": "PrimaryWeaponFirst",
      "variants": [
        {
          "keyCode": [
            "Alpha2"
          ]
        },
        {
          "keyCode": []
        }
      ],
      "pressType": "Press"
    },
    {
      "keyName": "PrimaryWeaponSecond",
      "variants": [
        {
          "keyCode": [
            "Alpha3"
          ]
        },
        {
          "keyCode": []
        }
      ],
      "pressType": "Press"
    },
    {
      "keyName": "SecondaryWeapon",
      "variants": [
        {
          "keyCode": [
            "Alpha1"
          ]
        },
        {
          "keyCode": []
        }
      ],
      "pressType": "Press"
    },
    {
      "keyName": "QuickSecondaryWeapon",
      "variants": [
        {
          "keyCode": [
            "Alpha1"
          ]
        },
        {
          "keyCode": []
        }
      ],
      "pressType": "DoubleClick"
    },
    {
      "keyName": "Slot4",
      "variants": [
        {
          "keyCode": [
            "Alpha4"
          ]
        },
        {
          "keyCode": []
        }
      ],
      "pressType": "Release"
    },
    {
      "keyName": "Slot5",
      "variants": [
        {
          "keyCode": [
            "Alpha5"
          ]
        },
        {
          "keyCode": []
        }
      ],
      "pressType": "Release"
    },
    {
      "keyName": "Slot6",
      "variants": [
        {
          "keyCode": [
            "Alpha6"
          ]
        },
        {
          "keyCode": []
        }
      ],
      "pressType": "Release"
    },
    {
      "keyName": "Slot7",
      "variants": [
        {
          "keyCode": [
            "Alpha7"
          ]
        },
        {
          "keyCode": []
        }
      ],
      "pressType": "Release"
    },
    {
      "keyName": "Slot8",
      "variants": [
        {
          "keyCode": [
            "Alpha8"
          ]
        },
        {
          "keyCode": []
        }
      ],
      "pressType": "Release"
    },
    {
      "keyName": "Slot9",
      "variants": [
        {
          "keyCode": [
            "Alpha9"
          ]
        },
        {
          "keyCode": []
        }
      ],
      "pressType": "Release"
    },
    {
      "keyName": "Slot0",
      "variants": [
        {
          "keyCode": [
            "Alpha0"
          ]
        },
        {
          "keyCode": []
        }
      ],
      "pressType": "Release"
    },
    {
      "keyName": "OpticCalibrationSwitchUp",
      "variants": [
        {
          "isAxis": true,
          "keyCode": [
            "LeftAlt"
          ],
          "axisName": "Mouse Scroll",
          "positiveAxis": true
        },
        {
          "keyCode": []
        }
      ],
      "pressType": "Press"
    },
    {
      "keyName": "OpticCalibrationSwitchDown",
      "variants": [
        {
          "isAxis": true,
          "keyCode": [
            "LeftAlt"
          ],
          "axisName": "Mouse Scroll"
        },
        {
          "keyCode": []
        }
      ],
      "pressType": "Press"
    },
    {
      "keyName": "MakeScreenshot",
      "variants": [
        {
          "keyCode": [
            "SysReq"
          ]
        },
        {
          "keyCode": []
        }
      ],
      "pressType": "Press"
    },
    {
      "keyName": "ThrowItem",
      "variants": [
        {
          "keyCode": [
            "Z",
            "LeftAlt"
          ]
        },
        {
          "keyCode": []
        }
      ],
      "pressType": "Press"
    },
    {
      "keyName": "Breath",
      "variants": [
        {
          "keyCode": [
            "LeftControl"
          ]
        },
        {
          "keyCode": []
        }
      ],
      "pressType": "Continuous"
    },
    {
      "keyName": "ToggleInfo",
      "variants": [
        {
          "keyCode": [
            "I"
          ]
        },
        {
          "keyCode": []
        }
      ],
      "pressType": "Press"
    },
    {
      "keyName": "Console",
      "variants": [
        {
          "keyCode": [
            "BackQuote"
          ]
        },
        {
          "keyCode": []
        }
      ],
      "pressType": "Press"
    },
    {
      "keyName": "LeftStance",
      "variants": [
        {
          "keyCode": [
            "UpArrow"
          ]
        },
        {
          "keyCode": []
        }
      ],
      "pressType": "Press"
    },
    {
      "keyName": "Vaulting",
      "variants": [
        {
          "keyCode": [
            "LeftAlt"
          ]
        },
        {
          "keyCode": []
        }
      ],
      "pressType": "Continuous"
    },
    {
      "keyName": "PressSlot4",
      "variants": [
        {
          "keyCode": [
            "Alpha4"
          ]
        },
        {
          "keyCode": []
        }
      ],
      "pressType": "Press"
    },
    {
      "keyName": "PressSlot5",
      "variants": [
        {
          "keyCode": [
            "Alpha5"
          ]
        },
        {
          "keyCode": []
        }
      ],
      "pressType": "Press"
    },
    {
      "keyName": "PressSlot6",
      "variants": [
        {
          "keyCode": [
            "Alpha6"
          ]
        },
        {
          "keyCode": []
        }
      ],
      "pressType": "Press"
    },
    {
      "keyName": "PressSlot7",
      "variants": [
        {
          "keyCode": [
            "Alpha7"
          ]
        },
        {
          "keyCode": []
        }
      ],
      "pressType": "Press"
    },
    {
      "keyName": "PressSlot8",
      "variants": [
        {
          "keyCode": [
            "Alpha8"
          ]
        },
        {
          "keyCode": []
        }
      ],
      "pressType": "Press"
    },
    {
      "keyName": "PressSlot9",
      "variants": [
        {
          "keyCode": [
            "Alpha9"
          ]
        },
        {
          "keyCode": []
        }
      ],
      "pressType": "Press"
    },
    {
      "keyName": "PressSlot0",
      "variants": [
        {
          "keyCode": [
            "Alpha0"
          ]
        },
        {
          "keyCode": []
        }
      ],
      "pressType": "Press"
    }
  ]
} 
2024-07-23 22:57:28.869 +08:00|0.14.9.1.30626|Info|application|Session mode: Regular 
2024-07-23 22:57:42.188 +08:00|0.14.9.1.30626|Info|application|SelectProfile ProfileId:669f7cda00049c120e69bce8 AccountId:1846187 
2024-07-23 22:57:50.348 +08:00|0.14.9.1.30626|Error|application|BattlEye environment validation failed:  
2024-07-23 22:57:50.702 +08:00|0.14.9.1.30626|Debug|application|totalMemoryBeforeCleanUp 771.8516 
2024-07-23 22:57:50.702 +08:00|0.14.9.1.30626|Debug|application|GC::Collect 
2024-07-23 22:57:51.042 +08:00|0.14.9.1.30626|Debug|application|GC::Collect Aggressive 
2024-07-23 22:57:51.794 +08:00|0.14.9.1.30626|Debug|application|collectedMemoryGB 0 
2024-07-23 23:03:46.807 +08:00|0.14.9.1.30626|Debug|application|TRACE-NetworkGameMatching H 
2024-07-23 23:03:46.807 +08:00|0.14.9.1.30626|Debug|application|TRACE-NetworkGameMatching I 
2024-07-23 23:05:06.942 +08:00|0.14.9.1.30626|Debug|application|TRACE-GamePrepare 2 
2024-07-23 23:05:54.563 +08:00|0.14.9.1.30626|Debug|application|Heap pre-allocation - disabled 
2024-07-23 23:05:55.006 +08:00|0.14.9.1.30626|Debug|application|totalMemoryBeforeCleanUp 1172.566 
2024-07-23 23:05:55.006 +08:00|0.14.9.1.30626|Debug|application|GC::Collect 
2024-07-23 23:05:55.436 +08:00|0.14.9.1.30626|Debug|application|GC::Collect Aggressive 
2024-07-23 23:05:56.303 +08:00|0.14.9.1.30626|Debug|application|collectedMemoryGB 0.09765625 
2024-07-23 23:13:09.273 +08:00|0.14.9.1.30626|Debug|application|totalMemoryBeforeCleanUp 1224.531 
2024-07-23 23:13:09.273 +08:00|0.14.9.1.30626|Debug|application|GC::Collect 
2024-07-23 23:13:09.738 +08:00|0.14.9.1.30626|Debug|application|GC::Collect Aggressive 
2024-07-23 23:13:10.686 +08:00|0.14.9.1.30626|Debug|application|collectedMemoryGB 2.488281 
2024-07-23 23:13:11.816 +08:00|0.14.9.1.30626|Info|application|SelectProfile ProfileId:669f7cda00049c120e69bce8 AccountId:1846187 
2024-07-23 23:13:16.222 +08:00|0.14.9.1.30626|Debug|application|totalMemoryBeforeCleanUp 1047.32 
2024-07-23 23:13:16.222 +08:00|0.14.9.1.30626|Debug|application|GC::Collect 
2024-07-23 23:13:16.691 +08:00|0.14.9.1.30626|Debug|application|GC::Collect Aggressive 
2024-07-23 23:13:17.604 +08:00|0.14.9.1.30626|Debug|application|collectedMemoryGB 0.5859375 
2024-07-23 23:13:29.719 +08:00|0.14.9.1.30626|Info|application|SelectProfile ProfileId:669f7cda00049c120e69bce8 AccountId:1846187 
2024-07-23 23:13:36.417 +08:00|0.14.9.1.30626|Error|application|BattlEye environment validation failed:  
2024-07-23 23:13:36.921 +08:00|0.14.9.1.30626|Debug|application|totalMemoryBeforeCleanUp 1255.441 
2024-07-23 23:13:36.921 +08:00|0.14.9.1.30626|Debug|application|GC::Collect 
2024-07-23 23:13:37.416 +08:00|0.14.9.1.30626|Debug|application|GC::Collect Aggressive 
2024-07-23 23:13:38.395 +08:00|0.14.9.1.30626|Debug|application|collectedMemoryGB 0.0234375 
2024-07-23 23:14:52.605 +08:00|0.14.9.1.30626|Debug|application|TRACE-GamePrepare 2 
2024-07-23 23:14:53.248 +08:00|0.14.9.1.30626|Debug|application|Heap pre-allocation - disabled 
2024-07-23 23:14:53.965 +08:00|0.14.9.1.30626|Debug|application|totalMemoryBeforeCleanUp 1273.746 
2024-07-23 23:14:53.965 +08:00|0.14.9.1.30626|Debug|application|GC::Collect 
2024-07-23 23:14:54.513 +08:00|0.14.9.1.30626|Debug|application|GC::Collect Aggressive 
2024-07-23 23:14:55.595 +08:00|0.14.9.1.30626|Debug|application|collectedMemoryGB 0 
