[2024-07-23T11:29:50.771Z] debug: 	Importing configs...
[2024-07-23T11:29:51.038Z] info: 	Commit hash: 63420f7a7b59981efe64371857a86109c0e4c1c3
[2024-07-23T11:29:51.039Z] info: 	Build date: 1721162040250
[2024-07-23T11:29:51.177Z] info: 	模组加载器：正在加载1个客户端模组……
[2024-07-23T11:29:51.177Z] info: 	模组加载器：缺少order.json，正在新建……
[2024-07-23T11:29:51.234Z] warn: 	模组Fika-server2.2.1 不兼容当前版本的SPT。该模组是基于SPT：3.9.0 ，请检查该模组是否有更新的版本。你可能会遇到错误 - 且不会得到任何支持！
[2024-07-23T11:29:51.876Z] debug: 	Mod fika-server hash stored in ./user/cache/modCache.json
[2024-07-23T11:29:52.495Z] info: 	模组：server 版本2.2.1 作者：Fika 已加载
[2024-07-23T11:29:53.543Z] info: 	服务端：正在执行启动回调
[2024-07-23T11:29:53.544Z] debug: 	OS: x64 | Windows 11 Pro | win32
[2024-07-23T11:29:53.544Z] debug: 	CPU: Intel(R) Core(TM) i5-9400F CPU @ 2.90GHz cores: 6
[2024-07-23T11:29:53.545Z] debug: 	RAM: 15.92GB
[2024-07-23T11:29:53.545Z] debug: 	PATH: RDpcT25lRHJpdmUgLSBNU0ZUXEdhbWVcRXNjYXBlIEZyb20gVGFya292XDMuOS4yLjAuMTQuMzA2MjZcU1BULlNlcnZlci5leGU=
[2024-07-23T11:29:53.545Z] debug: 	PATH: RDpcT25lRHJpdmUgLSBNU0ZUXEdhbWVcRXNjYXBlIEZyb20gVGFya292XDMuOS4yLjAuMTQuMzA2MjZcU1BULlNlcnZlci5leGU=
[2024-07-23T11:29:53.545Z] debug: 	Server: 3.9.2
[2024-07-23T11:29:53.545Z] debug: 	Date: 1721162040250
[2024-07-23T11:29:53.545Z] debug: 	Commit: 63420f7a7b59981efe64371857a86109c0e4c1c3
[2024-07-23T11:29:53.546Z] info: 	正在导入数据库……
[2024-07-23T11:30:43.855Z] info: 	数据库导入完成
[2024-07-23T11:30:44.062Z] debug: 	0 Profiles took: 0.00ms to load.
[2024-07-23T11:30:49.013Z] succ: 	webserver已于http://127.0.0.1:6969启动
[2024-07-23T11:30:49.013Z] succ: 	websocket启动于ws://127.0.0.1:6969
[2024-07-23T11:30:49.013Z] succ: 	服务端正在运行, 玩的开心!!
[2024-07-23T11:30:54.027Z] debug: 	Saved 0 profiles, took: 0.00ms
[2024-07-23T11:31:14.051Z] debug: 	Saved 0 profiles, took: 0.00ms
[2024-07-23T11:31:34.105Z] debug: 	Saved 0 profiles, took: 0.00ms
[2024-07-23T11:31:46.432Z] info: 	[客户端请求] /launcher/profile/login
[2024-07-23T11:31:52.512Z] info: 	[客户端请求] /launcher/profile/login
[2024-07-23T11:31:54.131Z] debug: 	Saved 0 profiles, took: 0.00ms
[2024-07-23T11:31:57.090Z] info: 	[客户端请求] /launcher/profile/login
[2024-07-23T11:32:02.237Z] info: 	[客户端请求] /launcher/profile/register
[2024-07-23T11:32:02.269Z] info: 	[客户端请求] /launcher/profile/login
[2024-07-23T11:32:08.911Z] info: 	[客户端请求] /singleplayer/bossconvert
[2024-07-23T11:32:09.884Z] info: 	[客户端请求] /fika/client/config
[2024-07-23T11:32:09.907Z] info: 	[客户端请求] /fika/natpunchserver/config
[2024-07-23T11:32:10.293Z] info: 	[客户端请求] /singleplayer/airdrop/config
[2024-07-23T11:32:10.324Z] info: 	[客户端请求] /singleplayer/settings/bot/difficulties/
[2024-07-23T11:32:10.447Z] info: 	[客户端请求] /singleplayer/settings/bot/difficulty/core/core
[2024-07-23T11:32:13.854Z] info: 	[客户端请求] /singleplayer/settings/version
[2024-07-23T11:32:13.857Z] info: 	[客户端请求] /singleplayer/release
[2024-07-23T11:32:13.865Z] info: 	[客户端请求] /singleplayer/enableBSGlogging
[2024-07-23T11:32:14.167Z] debug: 	Saved 1 profiles, took: 12.67ms
[2024-07-23T11:32:14.494Z] info: 	[客户端请求] /singleplayer/bundles
[2024-07-23T11:32:18.187Z] info: 	[客户端请求] /singleplayer/settings/version
[2024-07-23T11:32:18.327Z] info: 	[客户端请求] /client/menu/locale/ch
[2024-07-23T11:32:18.406Z] info: 	[客户端请求] /client/game/mode
[2024-07-23T11:32:18.442Z] info: 	[客户端请求] /client/game/start
[2024-07-23T11:32:18.454Z] debug: 	Added custom boss wave to factory4_day of type pmcBEAR, time: -1, chance: 25, zone: BotZone
[2024-07-23T11:32:18.454Z] debug: 	Added custom boss wave to factory4_day of type pmcUSEC, time: -1, chance: 25, zone: BotZone
[2024-07-23T11:32:18.454Z] debug: 	Added custom boss wave to bigmap of type pmcBEAR, time: -1, chance: 25, zone: ZoneScavBase
[2024-07-23T11:32:18.454Z] debug: 	Added custom boss wave to bigmap of type pmcUSEC, time: -1, chance: 25, zone: ZoneScavBase
[2024-07-23T11:32:18.454Z] debug: 	Added custom boss wave to woods of type pmcBEAR, time: -1, chance: 25, zone: ZoneScavBase2
[2024-07-23T11:32:18.454Z] debug: 	Added custom boss wave to woods of type pmcUSEC, time: -1, chance: 25, zone: ZoneScavBase2
[2024-07-23T11:32:18.454Z] debug: 	Added custom boss wave to woods of type pmcBEAR, time: -1, chance: 25, zone: ZoneRoad
[2024-07-23T11:32:18.454Z] debug: 	Added custom boss wave to woods of type pmcUSEC, time: -1, chance: 25, zone: ZoneRoad
[2024-07-23T11:32:18.454Z] debug: 	Added custom boss wave to woods of type pmcBEAR, time: -1, chance: 25, zone: ZoneClearVill
[2024-07-23T11:32:18.454Z] debug: 	Added custom boss wave to woods of type pmcUSEC, time: -1, chance: 25, zone: ZoneClearVill
[2024-07-23T11:32:18.454Z] debug: 	Added custom boss wave to shoreline of type pmcBEAR, time: -1, chance: 20, zone: ZonePort
[2024-07-23T11:32:18.454Z] debug: 	Added custom boss wave to shoreline of type pmcUSEC, time: -1, chance: 20, zone: ZonePort
[2024-07-23T11:32:18.454Z] debug: 	Added custom boss wave to shoreline of type pmcUSEC, time: -1, chance: 10, zone: ZoneSanatorium1
[2024-07-23T11:32:18.454Z] debug: 	Added custom boss wave to shoreline of type pmcBEAR, time: -1, chance: 10, zone: ZoneSanatorium1
[2024-07-23T11:32:18.454Z] debug: 	Added custom boss wave to shoreline of type pmcUSEC, time: -1, chance: 10, zone: ZoneSanatorium2
[2024-07-23T11:32:18.454Z] debug: 	Added custom boss wave to shoreline of type pmcBEAR, time: -1, chance: 10, zone: ZoneSanatorium2
[2024-07-23T11:32:18.455Z] debug: 	Added custom boss wave to laboratory of type pmcBEAR, time: -1, chance: 30, zone: BotZoneFloor1
[2024-07-23T11:32:18.455Z] debug: 	Added custom boss wave to laboratory of type pmcBEAR, time: -1, chance: 30, zone: BotZoneFloor2
[2024-07-23T11:32:18.455Z] debug: 	Added custom boss wave to laboratory of type pmcBEAR, time: -1, chance: 30, zone: BotZoneBasement
[2024-07-23T11:32:18.455Z] debug: 	Added custom boss wave to laboratory of type pmcUSEC, time: -1, chance: 30, zone: BotZoneFloor1
[2024-07-23T11:32:18.455Z] debug: 	Added custom boss wave to laboratory of type pmcUSEC, time: -1, chance: 30, zone: BotZoneFloor2
[2024-07-23T11:32:18.455Z] debug: 	Added custom boss wave to laboratory of type pmcUSEC, time: -1, chance: 30, zone: BotZoneBasement
[2024-07-23T11:32:18.455Z] debug: 	Added custom boss wave to interchange of type pmcBEAR, time: -1, chance: 15, zone: ZoneCenter,ZoneCenterBot,ZoneOLI,ZoneIDEA,ZoneGoshan,ZonePowerStation
[2024-07-23T11:32:18.455Z] debug: 	Added custom boss wave to interchange of type pmcUSEC, time: -1, chance: 15, zone: ZoneCenter,ZoneCenterBot,ZoneOLI,ZoneIDEA,ZoneGoshan,ZonePowerStation
[2024-07-23T11:32:18.455Z] debug: 	Added custom boss wave to lighthouse of type pmcBEAR, time: -1, chance: 15, zone: Zone_Village,Zone_Chalet,Zone_DestroyedHouse,Zone_Rocks,Zone_OldHouse
[2024-07-23T11:32:18.455Z] debug: 	Added custom boss wave to lighthouse of type pmcUSEC, time: -1, chance: 15, zone: Zone_Village,Zone_Chalet,Zone_DestroyedHouse,Zone_Rocks,Zone_OldHouse
[2024-07-23T11:32:18.455Z] debug: 	Added custom boss wave to rezervbase of type pmcBEAR, time: -1, chance: 15, zone: ZoneBarrack,ZonePTOR1,ZonePTOR2,ZoneSubCommand,ZoneSubStorage,ZoneRailStrorage
[2024-07-23T11:32:18.455Z] debug: 	Added custom boss wave to rezervbase of type pmcBEAR, time: -1, chance: 15, zone: ZoneBarrack,ZonePTOR1,ZonePTOR2,ZoneSubCommand,ZoneSubStorage,ZoneRailStrorage
[2024-07-23T11:32:18.455Z] debug: 	Added custom boss wave to rezervbase of type pmcUSEC, time: -1, chance: 15, zone: ZoneBarrack,ZonePTOR1,ZonePTOR2,ZoneSubCommand,ZoneSubStorage,ZoneRailStrorage
[2024-07-23T11:32:18.455Z] debug: 	Added custom boss wave to rezervbase of type pmcUSEC, time: -1, chance: 15, zone: ZoneBarrack,ZonePTOR1,ZonePTOR2,ZoneSubCommand,ZoneSubStorage,ZoneRailStrorage
[2024-07-23T11:32:18.455Z] debug: 	Added custom boss wave to sandbox of type pmcBEAR, time: -1, chance: 30, zone: ZoneSandbox
[2024-07-23T11:32:18.455Z] debug: 	Added custom boss wave to sandbox of type pmcUSEC, time: -1, chance: 30, zone: ZoneSandbox
[2024-07-23T11:32:18.455Z] debug: 	Added custom boss wave to sandbox_high of type pmcBEAR, time: -1, chance: 30, zone: ZoneSandbox
[2024-07-23T11:32:18.456Z] debug: 	Added custom boss wave to sandbox_high of type pmcUSEC, time: -1, chance: 30, zone: ZoneSandbox
[2024-07-23T11:32:18.501Z] info: 	[客户端请求] /client/game/version/validate
[2024-07-23T11:32:18.538Z] info: 	[客户端请求] /client/languages
[2024-07-23T11:32:18.576Z] info: 	[客户端请求] /client/game/config
[2024-07-23T11:32:20.447Z] info: 	[客户端请求] /client/items
[2024-07-23T11:32:21.775Z] info: 	[客户端请求] /fika/client/check/mods
[2024-07-23T11:32:29.111Z] info: 	[客户端请求] /client/customization
[2024-07-23T11:32:29.377Z] info: 	[客户端请求] /client/globals
[2024-07-23T11:32:30.161Z] info: 	[客户端请求] /client/trading/api/traderSettings
[2024-07-23T11:32:30.204Z] info: 	[客户端请求] /client/settings
[2024-07-23T11:32:30.224Z] info: 	[客户端请求] /client/game/profile/list
[2024-07-23T11:32:30.371Z] info: 	[客户端请求] /client/account/customization
[2024-07-23T11:32:30.418Z] info: 	[客户端请求] /client/locale/en
[2024-07-23T11:32:30.913Z] info: 	[客户端请求] /client/locale/ru
[2024-07-23T11:32:31.406Z] info: 	[客户端请求] /client/locale/ge
[2024-07-23T11:32:31.899Z] info: 	[客户端请求] /client/locale/fr
[2024-07-23T11:32:32.619Z] info: 	[客户端请求] /client/game/profile/nickname/reserved
[2024-07-23T11:32:33.419Z] info: 	[客户端请求] /client/game/profile/nickname/validate
[2024-07-23T11:32:34.171Z] debug: 	Saved 1 profiles, took: 0.07ms
[2024-07-23T11:32:37.277Z] info: 	[客户端请求] /client/game/profile/create
[2024-07-23T11:32:37.297Z] debug: 	unable to sort 17 slots, no slots found
[2024-07-23T11:32:37.298Z] debug: 	unable to sort 4 slots, no slots found
[2024-07-23T11:32:37.298Z] debug: 	unable to sort 20 slots, no slots found
[2024-07-23T11:32:37.298Z] debug: 	unable to sort 6 slots, no slots found
[2024-07-23T11:32:37.298Z] debug: 	Updating generator area slots to a size of 6 + hideout management skill
[2024-07-23T11:32:37.298Z] debug: 	Updating water collector area slots to a size of 1 + hideout management skill
[2024-07-23T11:32:37.298Z] debug: 	Updating air filter area slots to a size of 3 + hideout management skill
[2024-07-23T11:32:37.298Z] debug: 	Updating bitcoin farm area slots to a size of 50 + hideout management skill
[2024-07-23T11:32:37.300Z] debug: 	generated player scav loadout with karma level 0
[2024-07-23T11:32:37.643Z] info: 	[客户端请求] /client/game/profile/list
[2024-07-23T11:32:37.867Z] info: 	[客户端请求] /client/game/profile/select
[2024-07-23T11:32:37.899Z] info: 	[客户端请求] /client/profile/status
[2024-07-23T11:32:37.950Z] info: 	[客户端请求] /client/weather
[2024-07-23T11:32:37.952Z] info: 	[客户端请求] /client/locations
[2024-07-23T11:32:37.952Z] debug: 	Map: base has no base json file, skipping generation
[2024-07-23T11:32:39.208Z] info: 	[客户端请求] /client/handbook/templates
[2024-07-23T11:32:42.290Z] info: 	[客户端请求] /client/hideout/areas
[2024-07-23T11:32:42.465Z] info: 	[客户端请求] /client/hideout/qte/list
[2024-07-23T11:32:42.505Z] info: 	[客户端请求] /client/hideout/settings
[2024-07-23T11:32:42.536Z] info: 	[客户端请求] /client/hideout/production/recipes
[2024-07-23T11:32:42.676Z] info: 	[客户端请求] /client/hideout/production/scavcase/recipes
[2024-07-23T11:32:42.713Z] info: 	[客户端请求] /client/builds/list
[2024-07-23T11:32:45.196Z] info: 	[客户端请求] /singleplayer/log
[2024-07-23T11:32:45.196Z] debug: 	[SPT.Core] 1
[2024-07-23T11:32:45.198Z] info: 	[客户端请求] /singleplayer/log
[2024-07-23T11:32:45.198Z] debug: 	[SPT.Core] 1
[2024-07-23T11:32:45.200Z] info: 	[客户端请求] /singleplayer/log
[2024-07-23T11:32:45.200Z] debug: 	[SPT.Core] 0
[2024-07-23T11:32:45.202Z] info: 	[客户端请求] /singleplayer/log
[2024-07-23T11:32:45.203Z] debug: 	[SPT.Core] 1
[2024-07-23T11:32:45.204Z] info: 	[客户端请求] /singleplayer/log
[2024-07-23T11:32:45.204Z] debug: 	[SPT.Core] 1
[2024-07-23T11:32:45.206Z] info: 	[客户端请求] /singleplayer/log
[2024-07-23T11:32:45.206Z] debug: 	[SPT.Core] 0
[2024-07-23T11:32:45.207Z] info: 	[客户端请求] /singleplayer/log
[2024-07-23T11:32:45.208Z] warn: 	[Warning: SPT.Core] Validation failed
[2024-07-23T11:32:46.160Z] info: 	[客户端请求] /client/notifier/channel/create
[2024-07-23T11:32:46.162Z] info: 	[客户端请求] /client/profile/status
[2024-07-23T11:32:46.164Z] info: 	[客户端请求] /client/trading/customization/storage
[2024-07-23T11:32:46.395Z] info: 	[WS] 玩家：lemon (669f94b200000023ad7ab1e2)已连接
[2024-07-23T11:32:46.397Z] info: 	WebSocketHandler "SPT WebSocket Handler" connected
[2024-07-23T11:32:46.398Z] info: 	[客户端请求] /client/server/list
[2024-07-23T11:32:46.402Z] info: 	[客户端请求] /client/match/group/current
[2024-07-23T11:32:46.407Z] info: 	[客户端请求] /client/friend/list
[2024-07-23T11:32:46.441Z] info: 	[客户端请求] /client/friend/request/list/inbox
[2024-07-23T11:32:46.443Z] info: 	[客户端请求] /client/mail/dialog/list
[2024-07-23T11:32:46.444Z] info: 	[客户端请求] /client/friend/request/list/outbox
[2024-07-23T11:32:46.445Z] info: 	[客户端请求] /client/quest/list
[2024-07-23T11:32:46.570Z] info: 	[客户端请求] /client/repeatalbeQuests/activityPeriods
[2024-07-23T11:32:46.572Z] debug: 	Daily scav quests still locked, Intel center not built
[2024-07-23T11:32:46.601Z] info: 	[客户端请求] /client/achievement/statistic
[2024-07-23T11:32:46.634Z] info: 	[客户端请求] /client/achievement/list
[2024-07-23T11:32:54.172Z] info: 	[客户端请求] /client/checkVersion
[2024-07-23T11:32:54.242Z] debug: 	Saved 1 profiles, took: 24.37ms
[2024-07-23T11:32:55.407Z] info: 	[客户端请求] /client/match/group/invite/cancel-all
[2024-07-23T11:32:55.430Z] info: 	[客户端请求] /client/game/logout
[2024-07-23T11:32:55.432Z] debug: 	Saved 1 profiles, took: 1.47ms
[2024-07-23T14:14:26.048Z] debug: 	Importing configs...
[2024-07-23T14:14:26.091Z] info: 	Commit hash: 63420f7a7b59981efe64371857a86109c0e4c1c3
[2024-07-23T14:14:26.091Z] info: 	Build date: 1721162040250
[2024-07-23T14:14:26.125Z] info: 	模组加载器：正在加载1个客户端模组……
[2024-07-23T14:14:26.128Z] warn: 	模组Fika-server2.2.1 不兼容当前版本的SPT。该模组是基于SPT：3.9.0 ，请检查该模组是否有更新的版本。你可能会遇到错误 - 且不会得到任何支持！
[2024-07-23T14:14:26.143Z] info: 	模组：server 版本2.2.1 作者：Fika 已加载
[2024-07-23T14:14:26.251Z] info: 	服务端：正在执行启动回调
[2024-07-23T14:14:26.252Z] debug: 	OS: x64 | Windows 11 Pro | win32
[2024-07-23T14:14:26.253Z] debug: 	CPU: Intel(R) Core(TM) i5-10210U CPU @ 1.60GHz cores: 8
[2024-07-23T14:14:26.253Z] debug: 	RAM: 15.84GB
[2024-07-23T14:14:26.253Z] debug: 	PATH: QzpcQXBwbGljYXRpb25cRklLQVwzLjkuMi4wLjE0LjMwNjI2XFNQVC5TZXJ2ZXIuZXhl
[2024-07-23T14:14:26.254Z] debug: 	PATH: QzpcQXBwbGljYXRpb25cRklLQVwzLjkuMi4wLjE0LjMwNjI2XFNQVC5TZXJ2ZXIuZXhl
[2024-07-23T14:14:26.254Z] debug: 	Server: 3.9.2
[2024-07-23T14:14:26.254Z] debug: 	Date: 1721162040250
[2024-07-23T14:14:26.254Z] debug: 	Commit: 63420f7a7b59981efe64371857a86109c0e4c1c3
[2024-07-23T14:14:26.255Z] info: 	正在导入数据库……
[2024-07-23T14:14:26.465Z] debug: 	验证文件：SPT_Data/Server/database/locales/server/zh-cn.json失败
[2024-07-23T14:14:31.242Z] info: 	数据库导入完成.
[2024-07-23T14:14:31.266Z] debug: 	1 Profiles took: 1.63ms to load.
[2024-07-23T14:14:35.952Z] succ: 	webserver已于http://127.0.0.1:6969启动
[2024-07-23T14:14:35.952Z] succ: 	websocket启动于ws://127.0.0.1:6969
[2024-07-23T14:14:35.953Z] succ: 	服务端正在运行, 玩的开心!!
[2024-07-23T14:14:40.996Z] debug: 	Saved 1 profiles, took: 8.17ms
[2024-07-23T14:15:19.278Z] debug: 	Importing configs...
[2024-07-23T14:15:19.320Z] info: 	Commit hash: 63420f7a7b59981efe64371857a86109c0e4c1c3
[2024-07-23T14:15:19.321Z] info: 	Build date: 1721162040250
[2024-07-23T14:15:19.349Z] info: 	模组加载器：正在加载1个客户端模组……
[2024-07-23T14:15:19.351Z] warn: 	模组Fika-server2.2.1 不兼容当前版本的SPT。该模组是基于SPT：3.9.0 ，请检查该模组是否有更新的版本。你可能会遇到错误 - 且不会得到任何支持！
[2024-07-23T14:15:19.367Z] info: 	模组：server 版本2.2.1 作者：Fika 已加载
[2024-07-23T14:15:19.476Z] info: 	服务端：正在执行启动回调
[2024-07-23T14:15:19.477Z] debug: 	OS: x64 | Windows 11 Pro | win32
[2024-07-23T14:15:19.478Z] debug: 	CPU: Intel(R) Core(TM) i5-10210U CPU @ 1.60GHz cores: 8
[2024-07-23T14:15:19.478Z] debug: 	RAM: 15.84GB
[2024-07-23T14:15:19.478Z] debug: 	PATH: QzpcQXBwbGljYXRpb25cRklLQVwzLjkuMi4wLjE0LjMwNjI2XFNQVC5TZXJ2ZXIuZXhl
[2024-07-23T14:15:19.478Z] debug: 	PATH: QzpcQXBwbGljYXRpb25cRklLQVwzLjkuMi4wLjE0LjMwNjI2XFNQVC5TZXJ2ZXIuZXhl
[2024-07-23T14:15:19.478Z] debug: 	Server: 3.9.2
[2024-07-23T14:15:19.478Z] debug: 	Date: 1721162040250
[2024-07-23T14:15:19.479Z] debug: 	Commit: 63420f7a7b59981efe64371857a86109c0e4c1c3
[2024-07-23T14:15:19.479Z] info: 	正在导入数据库……
[2024-07-23T14:15:19.695Z] debug: 	验证文件：SPT_Data/Server/database/locales/server/zh-cn.json失败
[2024-07-23T14:15:24.379Z] info: 	数据库导入完成.
[2024-07-23T14:15:24.414Z] debug: 	1 Profiles took: 2.07ms to load.
[2024-07-23T14:15:29.621Z] succ: 	webserver已于http://127.0.0.1:6969启动
[2024-07-23T14:15:29.622Z] succ: 	websocket启动于ws://127.0.0.1:6969
[2024-07-23T14:15:29.622Z] succ: 	服务端正在运行, 玩的开心!!
[2024-07-23T14:15:34.657Z] debug: 	Saved 1 profiles, took: 10.46ms
[2024-07-23T14:15:54.687Z] debug: 	Saved 1 profiles, took: 1.96ms
[2024-07-23T14:16:14.717Z] debug: 	Saved 1 profiles, took: 1.79ms
[2024-07-23T14:16:29.884Z] debug: 	Importing configs...
[2024-07-23T14:16:29.929Z] info: 	Commit hash: 63420f7a7b59981efe64371857a86109c0e4c1c3
[2024-07-23T14:16:29.930Z] info: 	Build date: 1721162040250
[2024-07-23T14:16:29.969Z] info: 	模组加载器：正在加载1个客户端模组……
[2024-07-23T14:16:29.973Z] warn: 	模组Fika-server2.2.1 不兼容当前版本的SPT。该模组是基于SPT：3.9.0 ，请检查该模组是否有更新的版本。你可能会遇到错误 - 且不会得到任何支持！
[2024-07-23T14:16:29.992Z] info: 	模组：server 版本2.2.1 作者：Fika 已加载
[2024-07-23T14:16:30.099Z] info: 	服务端：正在执行启动回调
[2024-07-23T14:16:30.099Z] debug: 	OS: x64 | Windows 11 Pro | win32
[2024-07-23T14:16:30.100Z] debug: 	CPU: Intel(R) Core(TM) i5-10210U CPU @ 1.60GHz cores: 8
[2024-07-23T14:16:30.100Z] debug: 	RAM: 15.84GB
[2024-07-23T14:16:30.100Z] debug: 	PATH: QzpcQXBwbGljYXRpb25cRklLQVwzLjkuMi4wLjE0LjMwNjI2XFNQVC5TZXJ2ZXIuZXhl
[2024-07-23T14:16:30.100Z] debug: 	PATH: QzpcQXBwbGljYXRpb25cRklLQVwzLjkuMi4wLjE0LjMwNjI2XFNQVC5TZXJ2ZXIuZXhl
[2024-07-23T14:16:30.100Z] debug: 	Server: 3.9.2
[2024-07-23T14:16:30.101Z] debug: 	Date: 1721162040250
[2024-07-23T14:16:30.101Z] debug: 	Commit: 63420f7a7b59981efe64371857a86109c0e4c1c3
[2024-07-23T14:16:30.102Z] info: 	正在导入数据库……
[2024-07-23T14:16:30.308Z] debug: 	验证文件：SPT_Data/Server/database/locales/server/zh-cn.json失败
[2024-07-23T14:16:34.829Z] info: 	数据库导入完成.
[2024-07-23T14:16:34.863Z] debug: 	1 Profiles took: 4.59ms to load.
[2024-07-23T14:16:39.617Z] succ: 	webserver已于http://127.0.0.1:6969启动
[2024-07-23T14:16:39.618Z] succ: 	websocket启动于ws://127.0.0.1:6969
[2024-07-23T14:16:39.618Z] succ: 	服务端正在运行, 玩的开心!!
[2024-07-23T14:16:44.648Z] debug: 	Saved 1 profiles, took: 9.67ms
[2024-07-23T14:17:04.814Z] debug: 	Saved 1 profiles, took: 1.72ms
[2024-07-23T14:17:24.806Z] debug: 	Saved 1 profiles, took: 1.54ms
[2024-07-23T14:17:44.838Z] debug: 	Saved 1 profiles, took: 2.24ms
[2024-07-23T14:18:04.892Z] debug: 	Saved 1 profiles, took: 1.65ms
[2024-07-23T14:18:24.940Z] debug: 	Saved 1 profiles, took: 2.03ms
[2024-07-23T14:18:44.966Z] debug: 	Saved 1 profiles, took: 2.68ms
[2024-07-23T14:19:04.989Z] debug: 	Saved 1 profiles, took: 2.60ms
[2024-07-23T14:19:24.994Z] debug: 	Saved 1 profiles, took: 1.74ms
[2024-07-23T14:19:45.027Z] debug: 	Saved 1 profiles, took: 3.41ms
[2024-07-23T14:20:05.056Z] debug: 	Saved 1 profiles, took: 2.73ms
[2024-07-23T14:20:25.119Z] debug: 	Saved 1 profiles, took: 2.85ms
[2024-07-23T14:20:45.090Z] debug: 	Saved 1 profiles, took: 2.53ms
[2024-07-23T14:21:05.131Z] debug: 	Saved 1 profiles, took: 2.22ms
[2024-07-23T14:21:25.148Z] debug: 	Saved 1 profiles, took: 2.28ms
[2024-07-23T14:21:42.549Z] debug: 	Importing configs...
[2024-07-23T14:21:42.592Z] info: 	Commit hash: 63420f7a7b59981efe64371857a86109c0e4c1c3
[2024-07-23T14:21:42.592Z] info: 	Build date: 1721162040250
[2024-07-23T14:21:42.621Z] info: 	模组加载器：正在加载1个客户端模组……
[2024-07-23T14:21:42.624Z] warn: 	模组Fika-server2.2.1 不兼容当前版本的SPT。该模组是基于SPT：3.9.0 ，请检查该模组是否有更新的版本。你可能会遇到错误 - 且不会得到任何支持！
[2024-07-23T14:21:42.640Z] info: 	模组：server 版本2.2.1 作者：Fika 已加载
[2024-07-23T14:21:42.748Z] info: 	服务端：正在执行启动回调
[2024-07-23T14:21:42.749Z] debug: 	OS: x64 | Windows 11 Pro | win32
[2024-07-23T14:21:42.749Z] debug: 	CPU: Intel(R) Core(TM) i5-10210U CPU @ 1.60GHz cores: 8
[2024-07-23T14:21:42.749Z] debug: 	RAM: 15.84GB
[2024-07-23T14:21:42.750Z] debug: 	PATH: QzpcQXBwbGljYXRpb25cRklLQVwzLjkuMi4wLjE0LjMwNjI2XFNQVC5TZXJ2ZXIuZXhl
[2024-07-23T14:21:42.750Z] debug: 	PATH: QzpcQXBwbGljYXRpb25cRklLQVwzLjkuMi4wLjE0LjMwNjI2XFNQVC5TZXJ2ZXIuZXhl
[2024-07-23T14:21:42.750Z] debug: 	Server: 3.9.2
[2024-07-23T14:21:42.750Z] debug: 	Date: 1721162040250
[2024-07-23T14:21:42.750Z] debug: 	Commit: 63420f7a7b59981efe64371857a86109c0e4c1c3
[2024-07-23T14:21:42.751Z] info: 	正在导入数据库……
[2024-07-23T14:21:42.956Z] debug: 	验证文件：SPT_Data/Server/database/locales/server/zh-cn.json失败
[2024-07-23T14:21:47.649Z] info: 	数据库导入完成.
[2024-07-23T14:21:47.676Z] debug: 	1 Profiles took: 2.85ms to load.
[2024-07-23T14:21:52.327Z] succ: 	webserver已于http://192.168.1.5:6969启动
[2024-07-23T14:21:52.328Z] succ: 	websocket启动于ws://192.168.1.5:6969
[2024-07-23T14:21:52.328Z] succ: 	服务端正在运行, 玩的开心!!
[2024-07-23T14:21:57.376Z] debug: 	Saved 1 profiles, took: 9.32ms
[2024-07-23T14:22:17.400Z] debug: 	Saved 1 profiles, took: 2.96ms
[2024-07-23T14:22:31.233Z] info: 	[客户端请求] /launcher/profile/login
[2024-07-23T14:22:37.470Z] debug: 	Saved 1 profiles, took: 2.25ms
[2024-07-23T14:22:42.653Z] info: 	[客户端请求] /singleplayer/bossconvert
[2024-07-23T14:22:43.777Z] info: 	[客户端请求] /fika/client/config
[2024-07-23T14:22:43.811Z] info: 	[客户端请求] /fika/natpunchserver/config
[2024-07-23T14:22:44.243Z] info: 	[客户端请求] /singleplayer/airdrop/config
[2024-07-23T14:22:44.278Z] info: 	[客户端请求] /singleplayer/settings/bot/difficulties/
[2024-07-23T14:22:44.413Z] info: 	[客户端请求] /singleplayer/settings/bot/difficulty/core/core
[2024-07-23T14:22:48.687Z] info: 	[客户端请求] /singleplayer/settings/version
[2024-07-23T14:22:48.700Z] info: 	[客户端请求] /singleplayer/release
[2024-07-23T14:22:48.721Z] info: 	[客户端请求] /singleplayer/enableBSGlogging
[2024-07-23T14:22:49.469Z] info: 	[客户端请求] /singleplayer/bundles
[2024-07-23T14:22:54.994Z] info: 	[客户端请求] /singleplayer/settings/version
[2024-07-23T14:22:55.248Z] info: 	[客户端请求] /client/menu/locale/en
[2024-07-23T14:22:55.294Z] info: 	[客户端请求] /client/game/mode
[2024-07-23T14:22:55.310Z] info: 	[客户端请求] /client/game/start
[2024-07-23T14:22:55.311Z] debug: 	Added custom boss wave to factory4_day of type pmcBEAR, time: -1, chance: 25, zone: BotZone
[2024-07-23T14:22:55.312Z] debug: 	Added custom boss wave to factory4_day of type pmcUSEC, time: -1, chance: 25, zone: BotZone
[2024-07-23T14:22:55.312Z] debug: 	Added custom boss wave to bigmap of type pmcBEAR, time: -1, chance: 25, zone: ZoneScavBase
[2024-07-23T14:22:55.312Z] debug: 	Added custom boss wave to bigmap of type pmcUSEC, time: -1, chance: 25, zone: ZoneScavBase
[2024-07-23T14:22:55.312Z] debug: 	Added custom boss wave to woods of type pmcBEAR, time: -1, chance: 25, zone: ZoneScavBase2
[2024-07-23T14:22:55.312Z] debug: 	Added custom boss wave to woods of type pmcUSEC, time: -1, chance: 25, zone: ZoneScavBase2
[2024-07-23T14:22:55.312Z] debug: 	Added custom boss wave to woods of type pmcBEAR, time: -1, chance: 25, zone: ZoneRoad
[2024-07-23T14:22:55.312Z] debug: 	Added custom boss wave to woods of type pmcUSEC, time: -1, chance: 25, zone: ZoneRoad
[2024-07-23T14:22:55.312Z] debug: 	Added custom boss wave to woods of type pmcBEAR, time: -1, chance: 25, zone: ZoneClearVill
[2024-07-23T14:22:55.312Z] debug: 	Added custom boss wave to woods of type pmcUSEC, time: -1, chance: 25, zone: ZoneClearVill
[2024-07-23T14:22:55.312Z] debug: 	Added custom boss wave to shoreline of type pmcBEAR, time: -1, chance: 20, zone: ZonePort
[2024-07-23T14:22:55.312Z] debug: 	Added custom boss wave to shoreline of type pmcUSEC, time: -1, chance: 20, zone: ZonePort
[2024-07-23T14:22:55.312Z] debug: 	Added custom boss wave to shoreline of type pmcUSEC, time: -1, chance: 10, zone: ZoneSanatorium1
[2024-07-23T14:22:55.312Z] debug: 	Added custom boss wave to shoreline of type pmcBEAR, time: -1, chance: 10, zone: ZoneSanatorium1
[2024-07-23T14:22:55.312Z] debug: 	Added custom boss wave to shoreline of type pmcUSEC, time: -1, chance: 10, zone: ZoneSanatorium2
[2024-07-23T14:22:55.313Z] debug: 	Added custom boss wave to shoreline of type pmcBEAR, time: -1, chance: 10, zone: ZoneSanatorium2
[2024-07-23T14:22:55.313Z] debug: 	Added custom boss wave to laboratory of type pmcBEAR, time: -1, chance: 30, zone: BotZoneFloor1
[2024-07-23T14:22:55.313Z] debug: 	Added custom boss wave to laboratory of type pmcBEAR, time: -1, chance: 30, zone: BotZoneFloor2
[2024-07-23T14:22:55.313Z] debug: 	Added custom boss wave to laboratory of type pmcBEAR, time: -1, chance: 30, zone: BotZoneBasement
[2024-07-23T14:22:55.313Z] debug: 	Added custom boss wave to laboratory of type pmcUSEC, time: -1, chance: 30, zone: BotZoneFloor1
[2024-07-23T14:22:55.313Z] debug: 	Added custom boss wave to laboratory of type pmcUSEC, time: -1, chance: 30, zone: BotZoneFloor2
[2024-07-23T14:22:55.313Z] debug: 	Added custom boss wave to laboratory of type pmcUSEC, time: -1, chance: 30, zone: BotZoneBasement
[2024-07-23T14:22:55.313Z] debug: 	Added custom boss wave to interchange of type pmcBEAR, time: -1, chance: 15, zone: ZoneCenter,ZoneCenterBot,ZoneOLI,ZoneIDEA,ZoneGoshan,ZonePowerStation
[2024-07-23T14:22:55.313Z] debug: 	Added custom boss wave to interchange of type pmcUSEC, time: -1, chance: 15, zone: ZoneCenter,ZoneCenterBot,ZoneOLI,ZoneIDEA,ZoneGoshan,ZonePowerStation
[2024-07-23T14:22:55.313Z] debug: 	Added custom boss wave to lighthouse of type pmcBEAR, time: -1, chance: 15, zone: Zone_Village,Zone_Chalet,Zone_DestroyedHouse,Zone_Rocks,Zone_OldHouse
[2024-07-23T14:22:55.313Z] debug: 	Added custom boss wave to lighthouse of type pmcUSEC, time: -1, chance: 15, zone: Zone_Village,Zone_Chalet,Zone_DestroyedHouse,Zone_Rocks,Zone_OldHouse
[2024-07-23T14:22:55.313Z] debug: 	Added custom boss wave to rezervbase of type pmcBEAR, time: -1, chance: 15, zone: ZoneBarrack,ZonePTOR1,ZonePTOR2,ZoneSubCommand,ZoneSubStorage,ZoneRailStrorage
[2024-07-23T14:22:55.313Z] debug: 	Added custom boss wave to rezervbase of type pmcBEAR, time: -1, chance: 15, zone: ZoneBarrack,ZonePTOR1,ZonePTOR2,ZoneSubCommand,ZoneSubStorage,ZoneRailStrorage
[2024-07-23T14:22:55.313Z] debug: 	Added custom boss wave to rezervbase of type pmcUSEC, time: -1, chance: 15, zone: ZoneBarrack,ZonePTOR1,ZonePTOR2,ZoneSubCommand,ZoneSubStorage,ZoneRailStrorage
[2024-07-23T14:22:55.313Z] debug: 	Added custom boss wave to rezervbase of type pmcUSEC, time: -1, chance: 15, zone: ZoneBarrack,ZonePTOR1,ZonePTOR2,ZoneSubCommand,ZoneSubStorage,ZoneRailStrorage
[2024-07-23T14:22:55.314Z] debug: 	Added custom boss wave to sandbox of type pmcBEAR, time: -1, chance: 30, zone: ZoneSandbox
[2024-07-23T14:22:55.314Z] debug: 	Added custom boss wave to sandbox of type pmcUSEC, time: -1, chance: 30, zone: ZoneSandbox
[2024-07-23T14:22:55.314Z] debug: 	Added custom boss wave to sandbox_high of type pmcBEAR, time: -1, chance: 30, zone: ZoneSandbox
[2024-07-23T14:22:55.314Z] debug: 	Added custom boss wave to sandbox_high of type pmcUSEC, time: -1, chance: 30, zone: ZoneSandbox
[2024-07-23T14:22:55.314Z] debug: 	Started game with sessionId: 669f7cda00049c120e69bce8 SPTarkov
[2024-07-23T14:22:55.315Z] debug: 	Fixed assault Spawn: bigmap wave: 0 of type: assault in zone: ZoneBrige with Max Slots of 0
[2024-07-23T14:22:55.315Z] debug: 	Fixed assault Spawn: bigmap wave: 1 of type: assault in zone: ZoneCrossRoad with Max Slots of 0
[2024-07-23T14:22:55.315Z] debug: 	Fixed assault Spawn: bigmap wave: 15 of type: assault in zone: ZoneBlockPost with Max Slots of 0
[2024-07-23T14:22:55.315Z] debug: 	Fixed assault Spawn: bigmap wave: 0 of type: assault in zone:  with Max Slots of 0
[2024-07-23T14:22:55.315Z] debug: 	Fixed marksman Spawn: lighthouse wave: 2 of type: marksman in zone: Zone_SniperPeak with Max Slots of 1
[2024-07-23T14:22:55.315Z] debug: 	Fixed assault Spawn: rezervbase wave: 2 of type: assault in zone:  with Max Slots of 2
[2024-07-23T14:22:55.315Z] debug: 	Fixed assault Spawn: rezervbase wave: 7 of type: assault in zone:  with Max Slots of 2
[2024-07-23T14:22:55.315Z] debug: 	Fixed marksman Spawn: sandbox wave: 4 of type: marksman in zone: ZoneSandSnipeCenter with Max Slots of 1
[2024-07-23T14:22:55.315Z] debug: 	Fixed marksman Spawn: sandbox wave: 6 of type: marksman in zone: ZoneSandSnipeCenter with Max Slots of 1
[2024-07-23T14:22:55.315Z] debug: 	Fixed marksman Spawn: sandbox wave: 8 of type: marksman in zone: ZoneSandSnipeCenter with Max Slots of 1
[2024-07-23T14:22:55.315Z] debug: 	Fixed marksman Spawn: sandbox wave: 9 of type: marksman in zone: ZoneSandSnipeCenter with Max Slots of 1
[2024-07-23T14:22:55.315Z] debug: 	Fixed marksman Spawn: sandbox_high wave: 3 of type: marksman in zone: ZoneSnipeStilo with Max Slots of 1
[2024-07-23T14:22:55.315Z] debug: 	Fixed marksman Spawn: sandbox_high wave: 5 of type: marksman in zone: ZoneSnipeCard with Max Slots of 1
[2024-07-23T14:22:55.316Z] debug: 	Fixed marksman Spawn: sandbox_high wave: 7 of type: marksman in zone: ZoneSnipeBuilding with Max Slots of 1
[2024-07-23T14:22:55.316Z] debug: 	Fixed marksman Spawn: sandbox_high wave: 8 of type: marksman in zone: ZoneSnipeSW01 with Max Slots of 1
[2024-07-23T14:22:55.316Z] debug: 	Fixed marksman Spawn: shoreline wave: 9 of type: marksman in zone: ZonePowerStationSniper with Max Slots of 0
[2024-07-23T14:22:55.316Z] debug: 	Fixed assault Spawn: woods wave: 6 of type: assault in zone: ZoneWoodCutter with Max Slots of 0
[2024-07-23T14:22:55.316Z] debug: 	Fixed assault Spawn: woods wave: 7 of type: assault in zone: ZoneBigRocks with Max Slots of 0
[2024-07-23T14:22:55.316Z] debug: 	Fixed assault Spawn: woods wave: 8 of type: assault in zone: ZoneRoad with Max Slots of 0
[2024-07-23T14:22:55.316Z] debug: 	Fixed marksman Spawn: woods wave: 9 of type: marksman in zone: ZoneHighRocks with Max Slots of 1
[2024-07-23T14:22:55.316Z] debug: 	Splitting map: bigmap wave: 19 with 4 bots
[2024-07-23T14:22:55.316Z] debug: 	Splitting map: bigmap wave: 24 with 4 bots
[2024-07-23T14:22:55.316Z] debug: 	Splitting map: Lighthouse wave: 3 with 4 bots
[2024-07-23T14:22:55.316Z] debug: 	Splitting map: Shoreline wave: 16 with 4 bots
[2024-07-23T14:22:55.317Z] debug: 	Splitting map: Shoreline wave: 27 with 5 bots
[2024-07-23T14:22:55.317Z] debug: 	Splitting map: Shoreline wave: 32 with 5 bots
[2024-07-23T14:22:55.317Z] debug: 	Splitting map: Shoreline wave: 37 with 6 bots
[2024-07-23T14:22:55.317Z] debug: 	Splitting map: Shoreline wave: 43 with 6 bots
[2024-07-23T14:22:55.317Z] debug: 	Splitting map: Woods wave: 15 with 4 bots
[2024-07-23T14:22:55.317Z] debug: 	Splitting map: Woods wave: 19 with 4 bots
[2024-07-23T14:22:55.317Z] debug: 	Splitting map: Woods wave: 23 with 4 bots
[2024-07-23T14:22:55.317Z] debug: 	Splitting map: Woods wave: 27 with 5 bots
[2024-07-23T14:22:55.317Z] debug: 	Splitting map: Woods wave: 32 with 4 bots
[2024-07-23T14:22:55.320Z] debug: 	Profile made with: 3.9.2 (30626)
[2024-07-23T14:22:55.320Z] debug: 	Server version: 3.9.2 63420f7a7b59981efe64371857a86109c0e4c1c3
[2024-07-23T14:22:55.320Z] debug: 	Debug enabled: false
[2024-07-23T14:22:55.320Z] debug: 	Mods enabled: true
[2024-07-23T14:22:55.321Z] warn: 	你的人物激活了“BotReload”技能，这会导致你的武器换弹快得不自然，如果你是故意的请忽视这条消息
[2024-07-23T14:22:55.348Z] info: 	[客户端请求] /client/game/version/validate
[2024-07-23T14:22:55.365Z] info: 	[客户端请求] /client/languages
[2024-07-23T14:22:55.397Z] info: 	[客户端请求] /client/game/config
[2024-07-23T14:22:57.091Z] info: 	[客户端请求] /client/items
[2024-07-23T14:22:57.488Z] debug: 	Saved 1 profiles, took: 11.03ms
[2024-07-23T14:22:57.532Z] info: 	[客户端请求] /fika/client/check/mods
[2024-07-23T14:23:06.376Z] info: 	[客户端请求] /client/customization
[2024-07-23T14:23:06.633Z] info: 	[客户端请求] /client/globals
[2024-07-23T14:23:07.481Z] info: 	[客户端请求] /client/trading/api/traderSettings
[2024-07-23T14:23:07.523Z] info: 	[客户端请求] /client/settings
[2024-07-23T14:23:07.545Z] info: 	[客户端请求] /client/game/profile/list
[2024-07-23T14:23:07.890Z] info: 	[客户端请求] /client/game/profile/select
[2024-07-23T14:23:07.924Z] info: 	[客户端请求] /client/profile/status
[2024-07-23T14:23:07.973Z] info: 	[客户端请求] /client/weather
[2024-07-23T14:23:07.977Z] info: 	[客户端请求] /client/locale/en
[2024-07-23T14:23:08.013Z] info: 	[客户端请求] /client/locations
[2024-07-23T14:23:08.014Z] debug: 	Map: base has no base json file, skipping generation
[2024-07-23T14:23:09.408Z] info: 	[客户端请求] /client/handbook/templates
[2024-07-23T14:23:12.043Z] info: 	[客户端请求] /client/hideout/areas
[2024-07-23T14:23:12.205Z] info: 	[客户端请求] /client/hideout/qte/list
[2024-07-23T14:23:12.240Z] info: 	[客户端请求] /client/hideout/settings
[2024-07-23T14:23:12.257Z] info: 	[客户端请求] /client/hideout/production/recipes
[2024-07-23T14:23:12.382Z] info: 	[客户端请求] /client/hideout/production/scavcase/recipes
[2024-07-23T14:23:12.408Z] info: 	[客户端请求] /client/builds/list
[2024-07-23T14:23:15.038Z] info: 	[客户端请求] /singleplayer/log
[2024-07-23T14:23:15.040Z] debug: 	[SPT.Core] 1
[2024-07-23T14:23:15.044Z] info: 	[客户端请求] /singleplayer/log
[2024-07-23T14:23:15.045Z] debug: 	[SPT.Core] 1
[2024-07-23T14:23:15.049Z] info: 	[客户端请求] /singleplayer/log
[2024-07-23T14:23:15.050Z] debug: 	[SPT.Core] 0
[2024-07-23T14:23:15.054Z] info: 	[客户端请求] /singleplayer/log
[2024-07-23T14:23:15.054Z] debug: 	[SPT.Core] 1
[2024-07-23T14:23:15.057Z] info: 	[客户端请求] /singleplayer/log
[2024-07-23T14:23:15.058Z] debug: 	[SPT.Core] 1
[2024-07-23T14:23:15.061Z] info: 	[客户端请求] /singleplayer/log
[2024-07-23T14:23:15.062Z] debug: 	[SPT.Core] 0
[2024-07-23T14:23:15.065Z] info: 	[客户端请求] /singleplayer/log
[2024-07-23T14:23:15.065Z] warn: 	[Warning: SPT.Core] Validation failed
[2024-07-23T14:23:16.006Z] info: 	[客户端请求] /client/notifier/channel/create
[2024-07-23T14:23:16.012Z] info: 	[客户端请求] /client/profile/status
[2024-07-23T14:23:16.023Z] info: 	[客户端请求] /client/trading/customization/storage
[2024-07-23T14:23:16.048Z] info: 	[WS] 玩家：lemon (669f7cda00049c120e69bce8)已连接
[2024-07-23T14:23:16.048Z] info: 	WebSocketHandler "SPT WebSocket Handler" connected
[2024-07-23T14:23:16.074Z] info: 	[客户端请求] /client/server/list
[2024-07-23T14:23:16.076Z] info: 	[客户端请求] /client/match/group/current
[2024-07-23T14:23:16.078Z] info: 	[客户端请求] /client/friend/list
[2024-07-23T14:23:16.086Z] info: 	[客户端请求] /client/mail/dialog/list
[2024-07-23T14:23:16.088Z] info: 	[客户端请求] /client/friend/request/list/inbox
[2024-07-23T14:23:16.089Z] info: 	[客户端请求] /client/friend/request/list/outbox
[2024-07-23T14:23:16.090Z] info: 	[客户端请求] /client/quest/list
[2024-07-23T14:23:16.200Z] info: 	[客户端请求] /client/repeatalbeQuests/activityPeriods
[2024-07-23T14:23:16.202Z] debug: 	Daily scav quests still locked, Intel center not built
[2024-07-23T14:23:16.233Z] info: 	[客户端请求] /client/achievement/statistic
[2024-07-23T14:23:16.263Z] info: 	[客户端请求] /client/achievement/list
[2024-07-23T14:23:17.514Z] debug: 	Saved 1 profiles, took: 10.80ms
[2024-07-23T14:23:23.577Z] info: 	[客户端请求] /client/locale/ch
[2024-07-23T14:23:37.536Z] debug: 	Saved 1 profiles, took: 8.51ms
[2024-07-23T14:23:43.318Z] info: 	[客户端请求] /client/checkVersion
[2024-07-23T14:23:53.411Z] info: 	[客户端请求] /player/health/sync
[2024-07-23T14:23:57.602Z] debug: 	Saved 1 profiles, took: 9.52ms
[2024-07-23T14:24:17.635Z] debug: 	Saved 1 profiles, took: 9.80ms
[2024-07-23T14:24:23.268Z] info: 	[客户端请求] /client/match/group/invite/cancel-all
[2024-07-23T14:24:23.291Z] info: 	[客户端请求] /client/game/logout
[2024-07-23T14:24:23.294Z] debug: 	Saved 1 profiles, took: 1.47ms
[2024-07-23T14:30:00.743Z] debug: 	Importing configs...
[2024-07-23T14:30:00.786Z] info: 	Commit hash: 63420f7a7b59981efe64371857a86109c0e4c1c3
[2024-07-23T14:30:00.786Z] info: 	Build date: 1721162040250
[2024-07-23T14:30:00.817Z] info: 	模组加载器：正在加载1个客户端模组……
[2024-07-23T14:30:00.820Z] warn: 	模组Fika-server2.2.1 不兼容当前版本的SPT。该模组是基于SPT：3.9.0 ，请检查该模组是否有更新的版本。你可能会遇到错误 - 且不会得到任何支持！
[2024-07-23T14:30:00.836Z] info: 	模组：server 版本2.2.1 作者：Fika 已加载
[2024-07-23T14:30:00.954Z] info: 	服务端：正在执行启动回调
[2024-07-23T14:30:00.955Z] debug: 	OS: x64 | Windows 11 Pro | win32
[2024-07-23T14:30:00.955Z] debug: 	CPU: Intel(R) Core(TM) i5-10210U CPU @ 1.60GHz cores: 8
[2024-07-23T14:30:00.955Z] debug: 	RAM: 15.84GB
[2024-07-23T14:30:00.955Z] debug: 	PATH: QzpcQXBwbGljYXRpb25cRklLQVwzLjkuMi4wLjE0LjMwNjI2XFNQVC5TZXJ2ZXIuZXhl
[2024-07-23T14:30:00.956Z] debug: 	PATH: QzpcQXBwbGljYXRpb25cRklLQVwzLjkuMi4wLjE0LjMwNjI2XFNQVC5TZXJ2ZXIuZXhl
[2024-07-23T14:30:00.956Z] debug: 	Server: 3.9.2
[2024-07-23T14:30:00.956Z] debug: 	Date: 1721162040250
[2024-07-23T14:30:00.956Z] debug: 	Commit: 63420f7a7b59981efe64371857a86109c0e4c1c3
[2024-07-23T14:30:00.957Z] info: 	正在导入数据库……
[2024-07-23T14:30:01.185Z] debug: 	验证文件：SPT_Data/Server/database/locales/server/zh-cn.json失败
[2024-07-23T14:30:06.530Z] info: 	数据库导入完成.
[2024-07-23T14:30:06.578Z] debug: 	1 Profiles took: 3.89ms to load.
[2024-07-23T14:30:12.399Z] succ: 	webserver已于http://192.168.1.5:6969启动
[2024-07-23T14:30:12.400Z] succ: 	websocket启动于ws://192.168.1.5:6969
[2024-07-23T14:30:12.400Z] succ: 	服务端正在运行, 玩的开心!!
[2024-07-23T14:30:17.448Z] debug: 	Saved 1 profiles, took: 10.56ms
[2024-07-23T14:30:28.895Z] info: 	[客户端请求] /launcher/profile/login
[2024-07-23T14:30:37.501Z] debug: 	Saved 1 profiles, took: 2.55ms
[2024-07-23T14:30:57.544Z] debug: 	Saved 1 profiles, took: 2.28ms
[2024-07-23T14:31:02.136Z] info: 	[客户端请求] /launcher/profile/login
[2024-07-23T14:31:17.560Z] debug: 	Saved 1 profiles, took: 2.63ms
[2024-07-23T14:31:37.580Z] debug: 	Saved 1 profiles, took: 2.42ms
[2024-07-23T14:31:53.336Z] info: 	[客户端请求] /launcher/profile/login
[2024-07-23T14:31:57.618Z] debug: 	Saved 1 profiles, took: 1.83ms
[2024-07-23T14:32:09.377Z] info: 	[客户端请求] /singleplayer/bossconvert
[2024-07-23T14:32:10.891Z] info: 	[客户端请求] /fika/client/config
[2024-07-23T14:32:11.073Z] info: 	[客户端请求] /fika/natpunchserver/config
[2024-07-23T14:32:12.092Z] info: 	[客户端请求] /singleplayer/airdrop/config
[2024-07-23T14:32:12.176Z] info: 	[客户端请求] /singleplayer/settings/bot/difficulties/
[2024-07-23T14:32:12.320Z] info: 	[客户端请求] /singleplayer/settings/bot/difficulty/core/core
[2024-07-23T14:32:17.659Z] debug: 	Saved 1 profiles, took: 2.73ms
[2024-07-23T14:32:20.701Z] info: 	[客户端请求] /singleplayer/settings/version
[2024-07-23T14:32:20.709Z] info: 	[客户端请求] /singleplayer/release
[2024-07-23T14:32:20.719Z] info: 	[客户端请求] /singleplayer/enableBSGlogging
[2024-07-23T14:32:24.359Z] info: 	[客户端请求] /singleplayer/bundles
[2024-07-23T14:32:36.030Z] info: 	[客户端请求] /fika/client/check/mods
[2024-07-23T14:32:37.702Z] debug: 	Saved 1 profiles, took: 3.89ms
[2024-07-23T14:32:46.316Z] info: 	[客户端请求] /singleplayer/settings/version
[2024-07-23T14:32:47.099Z] info: 	[客户端请求] /client/menu/locale/ch
[2024-07-23T14:32:47.129Z] info: 	[客户端请求] /client/game/mode
[2024-07-23T14:32:47.148Z] info: 	[客户端请求] /client/game/start
[2024-07-23T14:32:47.150Z] debug: 	Added custom boss wave to factory4_day of type pmcBEAR, time: -1, chance: 25, zone: BotZone
[2024-07-23T14:32:47.150Z] debug: 	Added custom boss wave to factory4_day of type pmcUSEC, time: -1, chance: 25, zone: BotZone
[2024-07-23T14:32:47.150Z] debug: 	Added custom boss wave to bigmap of type pmcBEAR, time: -1, chance: 25, zone: ZoneScavBase
[2024-07-23T14:32:47.150Z] debug: 	Added custom boss wave to bigmap of type pmcUSEC, time: -1, chance: 25, zone: ZoneScavBase
[2024-07-23T14:32:47.150Z] debug: 	Added custom boss wave to woods of type pmcBEAR, time: -1, chance: 25, zone: ZoneScavBase2
[2024-07-23T14:32:47.150Z] debug: 	Added custom boss wave to woods of type pmcUSEC, time: -1, chance: 25, zone: ZoneScavBase2
[2024-07-23T14:32:47.150Z] debug: 	Added custom boss wave to woods of type pmcBEAR, time: -1, chance: 25, zone: ZoneRoad
[2024-07-23T14:32:47.150Z] debug: 	Added custom boss wave to woods of type pmcUSEC, time: -1, chance: 25, zone: ZoneRoad
[2024-07-23T14:32:47.150Z] debug: 	Added custom boss wave to woods of type pmcBEAR, time: -1, chance: 25, zone: ZoneClearVill
[2024-07-23T14:32:47.150Z] debug: 	Added custom boss wave to woods of type pmcUSEC, time: -1, chance: 25, zone: ZoneClearVill
[2024-07-23T14:32:47.150Z] debug: 	Added custom boss wave to shoreline of type pmcBEAR, time: -1, chance: 20, zone: ZonePort
[2024-07-23T14:32:47.150Z] debug: 	Added custom boss wave to shoreline of type pmcUSEC, time: -1, chance: 20, zone: ZonePort
[2024-07-23T14:32:47.151Z] debug: 	Added custom boss wave to shoreline of type pmcUSEC, time: -1, chance: 10, zone: ZoneSanatorium1
[2024-07-23T14:32:47.151Z] debug: 	Added custom boss wave to shoreline of type pmcBEAR, time: -1, chance: 10, zone: ZoneSanatorium1
[2024-07-23T14:32:47.151Z] debug: 	Added custom boss wave to shoreline of type pmcUSEC, time: -1, chance: 10, zone: ZoneSanatorium2
[2024-07-23T14:32:47.151Z] debug: 	Added custom boss wave to shoreline of type pmcBEAR, time: -1, chance: 10, zone: ZoneSanatorium2
[2024-07-23T14:32:47.151Z] debug: 	Added custom boss wave to laboratory of type pmcBEAR, time: -1, chance: 30, zone: BotZoneFloor1
[2024-07-23T14:32:47.151Z] debug: 	Added custom boss wave to laboratory of type pmcBEAR, time: -1, chance: 30, zone: BotZoneFloor2
[2024-07-23T14:32:47.151Z] debug: 	Added custom boss wave to laboratory of type pmcBEAR, time: -1, chance: 30, zone: BotZoneBasement
[2024-07-23T14:32:47.151Z] debug: 	Added custom boss wave to laboratory of type pmcUSEC, time: -1, chance: 30, zone: BotZoneFloor1
[2024-07-23T14:32:47.151Z] debug: 	Added custom boss wave to laboratory of type pmcUSEC, time: -1, chance: 30, zone: BotZoneFloor2
[2024-07-23T14:32:47.151Z] debug: 	Added custom boss wave to laboratory of type pmcUSEC, time: -1, chance: 30, zone: BotZoneBasement
[2024-07-23T14:32:47.151Z] debug: 	Added custom boss wave to interchange of type pmcBEAR, time: -1, chance: 15, zone: ZoneCenter,ZoneCenterBot,ZoneOLI,ZoneIDEA,ZoneGoshan,ZonePowerStation
[2024-07-23T14:32:47.151Z] debug: 	Added custom boss wave to interchange of type pmcUSEC, time: -1, chance: 15, zone: ZoneCenter,ZoneCenterBot,ZoneOLI,ZoneIDEA,ZoneGoshan,ZonePowerStation
[2024-07-23T14:32:47.151Z] debug: 	Added custom boss wave to lighthouse of type pmcBEAR, time: -1, chance: 15, zone: Zone_Village,Zone_Chalet,Zone_DestroyedHouse,Zone_Rocks,Zone_OldHouse
[2024-07-23T14:32:47.151Z] debug: 	Added custom boss wave to lighthouse of type pmcUSEC, time: -1, chance: 15, zone: Zone_Village,Zone_Chalet,Zone_DestroyedHouse,Zone_Rocks,Zone_OldHouse
[2024-07-23T14:32:47.152Z] debug: 	Added custom boss wave to rezervbase of type pmcBEAR, time: -1, chance: 15, zone: ZoneBarrack,ZonePTOR1,ZonePTOR2,ZoneSubCommand,ZoneSubStorage,ZoneRailStrorage
[2024-07-23T14:32:47.152Z] debug: 	Added custom boss wave to rezervbase of type pmcBEAR, time: -1, chance: 15, zone: ZoneBarrack,ZonePTOR1,ZonePTOR2,ZoneSubCommand,ZoneSubStorage,ZoneRailStrorage
[2024-07-23T14:32:47.152Z] debug: 	Added custom boss wave to rezervbase of type pmcUSEC, time: -1, chance: 15, zone: ZoneBarrack,ZonePTOR1,ZonePTOR2,ZoneSubCommand,ZoneSubStorage,ZoneRailStrorage
[2024-07-23T14:32:47.152Z] debug: 	Added custom boss wave to rezervbase of type pmcUSEC, time: -1, chance: 15, zone: ZoneBarrack,ZonePTOR1,ZonePTOR2,ZoneSubCommand,ZoneSubStorage,ZoneRailStrorage
[2024-07-23T14:32:47.152Z] debug: 	Added custom boss wave to sandbox of type pmcBEAR, time: -1, chance: 30, zone: ZoneSandbox
[2024-07-23T14:32:47.152Z] debug: 	Added custom boss wave to sandbox of type pmcUSEC, time: -1, chance: 30, zone: ZoneSandbox
[2024-07-23T14:32:47.152Z] debug: 	Added custom boss wave to sandbox_high of type pmcBEAR, time: -1, chance: 30, zone: ZoneSandbox
[2024-07-23T14:32:47.152Z] debug: 	Added custom boss wave to sandbox_high of type pmcUSEC, time: -1, chance: 30, zone: ZoneSandbox
[2024-07-23T14:32:47.153Z] debug: 	Started game with sessionId: 669f7cda00049c120e69bce8 SPTarkov
[2024-07-23T14:32:47.153Z] debug: 	Fixed assault Spawn: bigmap wave: 0 of type: assault in zone: ZoneBrige with Max Slots of 0
[2024-07-23T14:32:47.153Z] debug: 	Fixed assault Spawn: bigmap wave: 1 of type: assault in zone: ZoneCrossRoad with Max Slots of 0
[2024-07-23T14:32:47.154Z] debug: 	Fixed assault Spawn: bigmap wave: 15 of type: assault in zone: ZoneBlockPost with Max Slots of 0
[2024-07-23T14:32:47.154Z] debug: 	Fixed assault Spawn: bigmap wave: 0 of type: assault in zone:  with Max Slots of 0
[2024-07-23T14:32:47.154Z] debug: 	Fixed marksman Spawn: lighthouse wave: 2 of type: marksman in zone: Zone_SniperPeak with Max Slots of 1
[2024-07-23T14:32:47.154Z] debug: 	Fixed assault Spawn: rezervbase wave: 2 of type: assault in zone:  with Max Slots of 2
[2024-07-23T14:32:47.154Z] debug: 	Fixed assault Spawn: rezervbase wave: 7 of type: assault in zone:  with Max Slots of 2
[2024-07-23T14:32:47.154Z] debug: 	Fixed marksman Spawn: sandbox wave: 4 of type: marksman in zone: ZoneSandSnipeCenter with Max Slots of 1
[2024-07-23T14:32:47.154Z] debug: 	Fixed marksman Spawn: sandbox wave: 6 of type: marksman in zone: ZoneSandSnipeCenter with Max Slots of 1
[2024-07-23T14:32:47.154Z] debug: 	Fixed marksman Spawn: sandbox wave: 8 of type: marksman in zone: ZoneSandSnipeCenter with Max Slots of 1
[2024-07-23T14:32:47.154Z] debug: 	Fixed marksman Spawn: sandbox wave: 9 of type: marksman in zone: ZoneSandSnipeCenter with Max Slots of 1
[2024-07-23T14:32:47.154Z] debug: 	Fixed marksman Spawn: sandbox_high wave: 3 of type: marksman in zone: ZoneSnipeStilo with Max Slots of 1
[2024-07-23T14:32:47.154Z] debug: 	Fixed marksman Spawn: sandbox_high wave: 5 of type: marksman in zone: ZoneSnipeCard with Max Slots of 1
[2024-07-23T14:32:47.154Z] debug: 	Fixed marksman Spawn: sandbox_high wave: 7 of type: marksman in zone: ZoneSnipeBuilding with Max Slots of 1
[2024-07-23T14:32:47.156Z] debug: 	Fixed marksman Spawn: sandbox_high wave: 8 of type: marksman in zone: ZoneSnipeSW01 with Max Slots of 1
[2024-07-23T14:32:47.156Z] debug: 	Fixed marksman Spawn: shoreline wave: 9 of type: marksman in zone: ZonePowerStationSniper with Max Slots of 0
[2024-07-23T14:32:47.156Z] debug: 	Fixed assault Spawn: woods wave: 6 of type: assault in zone: ZoneWoodCutter with Max Slots of 0
[2024-07-23T14:32:47.156Z] debug: 	Fixed assault Spawn: woods wave: 7 of type: assault in zone: ZoneBigRocks with Max Slots of 0
[2024-07-23T14:32:47.156Z] debug: 	Fixed assault Spawn: woods wave: 8 of type: assault in zone: ZoneRoad with Max Slots of 0
[2024-07-23T14:32:47.156Z] debug: 	Fixed marksman Spawn: woods wave: 9 of type: marksman in zone: ZoneHighRocks with Max Slots of 1
[2024-07-23T14:32:47.156Z] debug: 	Splitting map: bigmap wave: 19 with 4 bots
[2024-07-23T14:32:47.157Z] debug: 	Splitting map: bigmap wave: 24 with 4 bots
[2024-07-23T14:32:47.157Z] debug: 	Splitting map: Lighthouse wave: 3 with 4 bots
[2024-07-23T14:32:47.157Z] debug: 	Splitting map: Shoreline wave: 16 with 4 bots
[2024-07-23T14:32:47.157Z] debug: 	Splitting map: Shoreline wave: 27 with 5 bots
[2024-07-23T14:32:47.157Z] debug: 	Splitting map: Shoreline wave: 32 with 5 bots
[2024-07-23T14:32:47.157Z] debug: 	Splitting map: Shoreline wave: 37 with 6 bots
[2024-07-23T14:32:47.157Z] debug: 	Splitting map: Shoreline wave: 43 with 6 bots
[2024-07-23T14:32:47.157Z] debug: 	Splitting map: Woods wave: 15 with 4 bots
[2024-07-23T14:32:47.157Z] debug: 	Splitting map: Woods wave: 19 with 4 bots
[2024-07-23T14:32:47.157Z] debug: 	Splitting map: Woods wave: 23 with 4 bots
[2024-07-23T14:32:47.157Z] debug: 	Splitting map: Woods wave: 27 with 5 bots
[2024-07-23T14:32:47.158Z] debug: 	Splitting map: Woods wave: 32 with 4 bots
[2024-07-23T14:32:47.161Z] debug: 	Profile made with: 3.9.2 (30626)
[2024-07-23T14:32:47.161Z] debug: 	Server version: 3.9.2 63420f7a7b59981efe64371857a86109c0e4c1c3
[2024-07-23T14:32:47.161Z] debug: 	Debug enabled: false
[2024-07-23T14:32:47.161Z] debug: 	Mods enabled: true
[2024-07-23T14:32:47.162Z] warn: 	你的人物激活了“BotReload”技能，这会导致你的武器换弹快得不自然，如果你是故意的请忽视这条消息
[2024-07-23T14:32:47.188Z] info: 	[客户端请求] /client/game/version/validate
[2024-07-23T14:32:47.212Z] info: 	[客户端请求] /client/languages
[2024-07-23T14:32:47.242Z] info: 	[客户端请求] /client/game/config
[2024-07-23T14:32:54.004Z] info: 	[客户端请求] /client/items
[2024-07-23T14:32:57.723Z] debug: 	Saved 1 profiles, took: 8.07ms
[2024-07-23T14:33:02.850Z] info: 	[客户端请求] /client/customization
[2024-07-23T14:33:03.111Z] info: 	[客户端请求] /client/globals
[2024-07-23T14:33:03.992Z] info: 	[客户端请求] /client/trading/api/traderSettings
[2024-07-23T14:33:04.041Z] info: 	[客户端请求] /client/settings
[2024-07-23T14:33:04.065Z] info: 	[客户端请求] /client/game/profile/list
[2024-07-23T14:33:04.463Z] info: 	[客户端请求] /client/game/profile/select
[2024-07-23T14:33:04.489Z] info: 	[客户端请求] /client/profile/status
[2024-07-23T14:33:04.532Z] info: 	[客户端请求] /client/weather
[2024-07-23T14:33:04.553Z] info: 	[客户端请求] /client/locale/ch
[2024-07-23T14:33:04.581Z] info: 	[客户端请求] /client/locations
[2024-07-23T14:33:04.581Z] debug: 	Map: base has no base json file, skipping generation
[2024-07-23T14:33:06.075Z] info: 	[客户端请求] /client/handbook/templates
[2024-07-23T14:33:12.708Z] info: 	[客户端请求] /client/hideout/areas
[2024-07-23T14:33:12.878Z] info: 	[客户端请求] /client/hideout/qte/list
[2024-07-23T14:33:12.920Z] info: 	[客户端请求] /client/hideout/settings
[2024-07-23T14:33:12.941Z] info: 	[客户端请求] /client/hideout/production/recipes
[2024-07-23T14:33:13.130Z] info: 	[客户端请求] /client/hideout/production/scavcase/recipes
[2024-07-23T14:33:13.156Z] info: 	[客户端请求] /client/builds/list
[2024-07-23T14:33:15.936Z] info: 	[客户端请求] /singleplayer/log
[2024-07-23T14:33:15.938Z] debug: 	[SPT.Core] 1
[2024-07-23T14:33:15.946Z] info: 	[客户端请求] /singleplayer/log
[2024-07-23T14:33:15.947Z] debug: 	[SPT.Core] 1
[2024-07-23T14:33:15.955Z] info: 	[客户端请求] /singleplayer/log
[2024-07-23T14:33:15.955Z] debug: 	[SPT.Core] 0
[2024-07-23T14:33:15.961Z] info: 	[客户端请求] /singleplayer/log
[2024-07-23T14:33:15.961Z] debug: 	[SPT.Core] 1
[2024-07-23T14:33:15.965Z] info: 	[客户端请求] /singleplayer/log
[2024-07-23T14:33:15.966Z] debug: 	[SPT.Core] 1
[2024-07-23T14:33:15.969Z] info: 	[客户端请求] /singleplayer/log
[2024-07-23T14:33:15.970Z] debug: 	[SPT.Core] 0
[2024-07-23T14:33:15.973Z] info: 	[客户端请求] /singleplayer/log
[2024-07-23T14:33:15.974Z] warn: 	[Warning: SPT.Core] Validation failed
[2024-07-23T14:33:16.962Z] info: 	[客户端请求] /client/notifier/channel/create
[2024-07-23T14:33:16.965Z] info: 	[客户端请求] /client/profile/status
[2024-07-23T14:33:16.966Z] info: 	[客户端请求] /client/trading/customization/storage
[2024-07-23T14:33:17.360Z] info: 	[WS] 玩家：lemon (669f7cda00049c120e69bce8)已连接
[2024-07-23T14:33:17.360Z] info: 	WebSocketHandler "SPT WebSocket Handler" connected
[2024-07-23T14:33:17.378Z] info: 	[客户端请求] /client/server/list
[2024-07-23T14:33:17.382Z] info: 	[客户端请求] /client/match/group/current
[2024-07-23T14:33:17.383Z] info: 	[客户端请求] /client/friend/list
[2024-07-23T14:33:17.387Z] info: 	[客户端请求] /client/friend/request/list/inbox
[2024-07-23T14:33:17.389Z] info: 	[客户端请求] /client/mail/dialog/list
[2024-07-23T14:33:17.390Z] info: 	[客户端请求] /client/friend/request/list/outbox
[2024-07-23T14:33:17.391Z] info: 	[客户端请求] /client/quest/list
[2024-07-23T14:33:17.651Z] info: 	[客户端请求] /client/repeatalbeQuests/activityPeriods
[2024-07-23T14:33:17.652Z] debug: 	Daily scav quests still locked, Intel center not built
[2024-07-23T14:33:17.680Z] info: 	[客户端请求] /client/achievement/statistic
[2024-07-23T14:33:17.707Z] info: 	[客户端请求] /client/achievement/list
[2024-07-23T14:33:17.747Z] debug: 	Saved 1 profiles, took: 8.29ms
[2024-07-23T14:33:37.781Z] debug: 	Saved 1 profiles, took: 7.87ms
[2024-07-23T14:33:57.838Z] debug: 	Saved 1 profiles, took: 13.44ms
[2024-07-23T14:34:17.879Z] debug: 	Saved 1 profiles, took: 9.94ms
[2024-07-23T14:34:37.882Z] debug: 	Saved 1 profiles, took: 5.74ms
[2024-07-23T14:34:47.366Z] debug: 	[WS] 正在Ping的玩家：669f7cda00049c120e69bce8
[2024-07-23T14:34:53.667Z] info: 	[客户端请求] /client/checkVersion
[2024-07-23T14:34:55.232Z] info: 	[客户端请求] /client/match/group/invite/cancel-all
[2024-07-23T14:34:55.251Z] info: 	[客户端请求] /client/game/logout
[2024-07-23T14:34:55.257Z] debug: 	Saved 1 profiles, took: 5.51ms
[2024-07-23T14:34:57.942Z] debug: 	Saved 1 profiles, took: 2.67ms
[2024-07-23T14:35:17.959Z] debug: 	Saved 1 profiles, took: 9.34ms
[2024-07-23T14:35:37.994Z] debug: 	Saved 1 profiles, took: 7.71ms
[2024-07-23T14:35:58.030Z] debug: 	Saved 1 profiles, took: 7.21ms
[2024-07-23T14:36:17.368Z] debug: 	[WS] 正在Ping的玩家：669f7cda00049c120e69bce8
[2024-07-23T14:36:17.369Z] debug: 	[WS] Socket丢失，正在删除句柄
[2024-07-23T14:36:18.068Z] debug: 	Saved 1 profiles, took: 8.00ms
[2024-07-23T14:36:38.064Z] debug: 	Saved 1 profiles, took: 7.11ms
[2024-07-23T14:36:58.076Z] debug: 	Saved 1 profiles, took: 6.98ms
[2024-07-23T14:37:18.129Z] debug: 	Saved 1 profiles, took: 8.37ms
[2024-07-23T14:37:38.153Z] debug: 	Saved 1 profiles, took: 7.36ms
[2024-07-23T14:37:58.169Z] debug: 	Saved 1 profiles, took: 7.50ms
[2024-07-23T14:38:18.218Z] debug: 	Saved 1 profiles, took: 5.82ms
[2024-07-23T14:38:38.271Z] debug: 	Saved 1 profiles, took: 21.18ms
[2024-07-23T14:38:58.279Z] debug: 	Saved 1 profiles, took: 17.46ms
[2024-07-23T14:39:18.480Z] debug: 	Saved 1 profiles, took: 6.40ms
[2024-07-23T14:39:38.330Z] debug: 	Saved 1 profiles, took: 8.40ms
[2024-07-23T14:39:58.356Z] debug: 	Saved 1 profiles, took: 5.98ms
[2024-07-23T14:40:18.392Z] debug: 	Saved 1 profiles, took: 8.86ms
[2024-07-23T14:40:38.416Z] debug: 	Saved 1 profiles, took: 8.10ms
[2024-07-23T14:40:58.477Z] debug: 	Saved 1 profiles, took: 8.91ms
[2024-07-23T14:41:18.515Z] debug: 	Saved 1 profiles, took: 9.62ms
[2024-07-23T14:41:38.519Z] debug: 	Saved 1 profiles, took: 7.39ms
[2024-07-23T14:41:58.563Z] debug: 	Saved 1 profiles, took: 8.60ms
[2024-07-23T14:42:18.692Z] debug: 	Saved 1 profiles, took: 6.92ms
[2024-07-23T14:42:38.616Z] debug: 	Saved 1 profiles, took: 8.67ms
[2024-07-23T14:42:58.676Z] debug: 	Saved 1 profiles, took: 10.23ms
[2024-07-23T14:43:18.694Z] debug: 	Saved 1 profiles, took: 9.30ms
[2024-07-23T14:43:38.711Z] debug: 	Saved 1 profiles, took: 6.93ms
[2024-07-23T14:43:58.772Z] debug: 	Saved 1 profiles, took: 10.09ms
[2024-07-23T14:44:18.816Z] debug: 	Saved 1 profiles, took: 10.46ms
[2024-07-23T14:44:38.825Z] debug: 	Saved 1 profiles, took: 5.29ms
